TN:
SF:resources/app/angularjs/bower_components/todomvc-common/base.js
FN:1,(anonymous_1)
FN:6,(anonymous_2)
FN:7,(anonymous_3)
FN:54,(anonymous_4)
FN:68,(anonymous_5)
FN:70,(anonymous_6)
FN:101,(anonymous_7)
FN:115,(anonymous_8)
FN:118,redirect
FN:124,findRoot
FN:127,(anonymous_11)
FN:138,getFile
FN:148,(anonymous_13)
FN:155,Learn
FN:192,(anonymous_15)
FN:199,(anonymous_16)
FNF:16
FNH:8
FNDA:2,(anonymous_1)
FNDA:2,(anonymous_2)
FNDA:0,(anonymous_3)
FNDA:0,(anonymous_4)
FNDA:0,(anonymous_5)
FNDA:0,(anonymous_6)
FNDA:0,(anonymous_7)
FNDA:0,(anonymous_8)
FNDA:2,redirect
FNDA:2,findRoot
FNDA:4,(anonymous_11)
FNDA:2,getFile
FNDA:2,(anonymous_13)
FNDA:4,Learn
FNDA:0,(anonymous_15)
FNDA:0,(anonymous_16)
DA:1,2
DA:6,2
DA:7,2
DA:8,0
DA:9,0
DA:11,0
DA:12,0
DA:13,0
DA:14,0
DA:15,0
DA:16,0
DA:21,0
DA:26,2
DA:35,2
DA:39,2
DA:49,2
DA:54,2
DA:55,0
DA:56,0
DA:59,0
DA:66,0
DA:67,0
DA:68,0
DA:69,0
DA:70,0
DA:72,0
DA:73,0
DA:75,0
DA:76,0
DA:78,0
DA:79,0
DA:81,0
DA:82,0
DA:84,0
DA:87,0
DA:89,0
DA:93,0
DA:94,0
DA:96,0
DA:97,0
DA:100,0
DA:101,0
DA:102,0
DA:106,0
DA:108,0
DA:111,2
DA:114,2
DA:115,0
DA:118,2
DA:119,2
DA:120,0
DA:124,2
DA:125,2
DA:127,2
DA:128,4
DA:130,4
DA:131,0
DA:135,2
DA:138,2
DA:139,2
DA:140,0
DA:143,2
DA:145,2
DA:146,2
DA:148,2
DA:149,2
DA:150,2
DA:155,2
DA:156,4
DA:157,2
DA:160,2
DA:162,2
DA:163,2
DA:164,2
DA:166,2
DA:170,0
DA:171,0
DA:172,0
DA:175,0
DA:176,0
DA:179,0
DA:180,0
DA:184,0
DA:185,0
DA:186,0
DA:188,0
DA:192,2
DA:193,0
DA:194,0
DA:195,0
DA:198,0
DA:199,0
DA:200,0
DA:203,0
DA:204,0
DA:207,2
DA:208,2
LF:97
LH:37
BRDA:8,1,0,0
BRDA:8,1,1,0
BRDA:13,2,0,0
BRDA:13,2,1,0
BRDA:15,3,0,0
BRDA:15,3,1,0
BRDA:60,4,0,0
BRDA:60,4,1,0
BRDA:61,5,0,0
BRDA:61,5,1,0
BRDA:62,6,0,0
BRDA:62,6,1,0
BRDA:72,7,0,0
BRDA:72,7,1,0
BRDA:75,8,0,0
BRDA:75,8,1,0
BRDA:78,9,0,0
BRDA:78,9,1,0
BRDA:87,10,0,0
BRDA:87,10,1,0
BRDA:94,11,0,0
BRDA:94,11,1,0
BRDA:100,12,0,0
BRDA:100,12,1,0
BRDA:106,13,0,0
BRDA:106,13,1,0
BRDA:114,14,0,0
BRDA:114,14,1,2
BRDA:119,15,0,0
BRDA:119,15,1,2
BRDA:130,16,0,0
BRDA:130,16,1,4
BRDA:130,17,0,4
BRDA:130,17,1,4
BRDA:139,18,0,0
BRDA:139,18,1,2
BRDA:149,19,0,2
BRDA:149,19,1,0
BRDA:149,20,0,2
BRDA:149,20,1,2
BRDA:156,21,0,2
BRDA:156,21,1,2
BRDA:162,22,0,2
BRDA:162,22,1,0
BRDA:170,23,0,0
BRDA:170,23,1,0
BRDA:175,24,0,0
BRDA:175,24,1,0
BRDA:175,25,0,0
BRDA:175,25,1,0
BRDA:179,26,0,0
BRDA:179,26,1,0
BRDA:179,27,0,0
BRDA:179,27,1,0
BRDA:184,28,0,0
BRDA:184,28,1,0
BRDA:184,29,0,0
BRDA:184,29,1,0
BRF:58
BRH:12
end_of_record
TN:
SF:resources/app/angularjs/js/app.js
FN:9,(anonymous_1)
FNF:1
FNH:1
FNDA:2,(anonymous_1)
DA:8,2
DA:12,2
LF:2
LH:2
BRF:0
BRH:0
end_of_record
TN:
SF:resources/app/angularjs/js/directives/todoFocus.js
FN:8,todoFocus
FN:11,(anonymous_2)
FN:12,(anonymous_3)
FN:14,(anonymous_4)
FNF:4
FNH:1
FNDA:2,todoFocus
FNDA:0,(anonymous_2)
FNDA:0,(anonymous_3)
FNDA:0,(anonymous_4)
DA:7,2
DA:11,2
DA:12,0
DA:13,0
DA:14,0
DA:15,0
LF:6
LH:2
BRDA:13,1,0,0
BRDA:13,1,1,0
BRF:2
BRH:0
end_of_record
TN:
SF:resources/app/angularjs/js/services/todoStorage.js
FN:7,(anonymous_1)
FN:13,(anonymous_2)
FN:17,(anonymous_3)
FNF:3
FNH:2
FNDA:2,(anonymous_1)
FNDA:6,(anonymous_2)
FNDA:0,(anonymous_3)
DA:6,2
DA:10,2
DA:12,2
DA:14,6
DA:18,0
LF:5
LH:4
BRDA:14,1,0,6
BRDA:14,1,1,6
BRF:2
BRH:2
end_of_record
TN:
SF:resources/app/angularjs/bower_components/angular/angular.js
FN:6,(anonymous_1)
FN:36,minErr
FN:37,(anonymous_3)
FN:42,(anonymous_4)
FN:54,(anonymous_5)
FN:194,(anonymous_6)
FN:207,(anonymous_7)
FN:210,(anonymous_8)
FN:213,(anonymous_9)
FN:216,(anonymous_10)
FN:219,(anonymous_11)
FN:266,isArrayLike
FN:310,forEach
FN:337,sortedKeys
FN:347,forEachSorted
FN:361,reverseParams
FN:362,(anonymous_17)
FN:373,nextUid
FN:401,setHashKey
FN:424,extend
FN:426,(anonymous_21)
FN:428,(anonymous_22)
FN:438,int
FN:443,inherit
FN:444,(anonymous_25)
FN:463,noop
FN:483,identity
FN:487,valueFn
FN:487,(anonymous_29)
FN:501,isUndefined
FN:516,isDefined
FN:532,isObject
FN:547,isString
FN:562,isNumber
FN:577,isDate
FN:594,isArray
FN:611,isFunction
FN:621,isRegExp
FN:633,isWindow
FN:638,isScope
FN:643,isFile
FN:648,isBoolean
FN:653,(anonymous_43)
FN:658,(anonymous_44)
FN:662,(anonymous_45)
FN:680,isElement
FN:690,makeMap
FN:699,(anonymous_48)
FN:705,(anonymous_49)
FN:711,map
FN:713,(anonymous_51)
FN:732,size
FN:747,includes
FN:751,indexOf
FN:760,arrayRemove
FN:767,isLeafNode
FN:836,copy
FN:865,(anonymous_58)
FN:880,shallowCopy
FN:924,equals
FN:965,csp
FN:972,concat
FN:976,sliceArgs
FN:1000,bind
FN:1004,(anonymous_65)
FN:1009,(anonymous_66)
FN:1021,toJsonReplacer
FN:1052,toJson
FN:1070,fromJson
FN:1077,toBoolean
FN:1092,startingTag
FN:1106,(anonymous_72)
FN:1124,tryDecodeURIComponent
FN:1137,parseKeyValue
FN:1139,(anonymous_75)
FN:1158,toKeyValue
FN:1160,(anonymous_77)
FN:1162,(anonymous_78)
FN:1186,encodeUriSegment
FN:1205,encodeUriQuery
FN:1261,angularInit
FN:1268,append
FN:1272,(anonymous_83)
FN:1283,(anonymous_84)
FN:1291,(anonymous_85)
FN:1324,bootstrap
FN:1325,(anonymous_87)
FN:1334,(anonymous_88)
FN:1340,(anonymous_89)
FN:1341,(anonymous_90)
FN:1357,(anonymous_91)
FN:1358,(anonymous_92)
FN:1366,snake_case
FN:1368,(anonymous_94)
FN:1373,bindJQuery
FN:1400,assertArg
FN:1407,assertArgFn
FN:1422,assertNotHasOwnProperty
FN:1436,getter
FN:1460,getBlockElements
FN:1488,setupModuleLoader
FN:1493,ensure
FN:1502,(anonymous_103)
FN:1557,module
FN:1558,(anonymous_105)
FN:1568,(anonymous_106)
FN:1760,(anonymous_107)
FN:1778,invokeLater
FN:1779,(anonymous_109)
FN:1891,publishExternalAPI
FN:1930,ngModule
FN:2113,(anonymous_112)
FN:2114,(anonymous_113)
FN:2116,(anonymous_114)
FN:2117,(anonymous_115)
FN:2122,(anonymous_116)
FN:2127,jqNextId
FN:2139,camelCase
FN:2141,(anonymous_119)
FN:2155,jqLitePatchJQueryRemove
FN:2161,removePatch
FN:2191,JQLite
FN:2219,jqLiteClone
FN:2223,jqLiteDealoc
FN:2230,jqLiteOff
FN:2239,(anonymous_126)
FN:2244,(anonymous_127)
FN:2255,jqLiteRemoveData
FN:2274,jqLiteExpandoStore
FN:2289,jqLiteData
FN:2315,jqLiteHasClass
FN:2321,jqLiteRemoveClass
FN:2323,(anonymous_133)
FN:2333,jqLiteAddClass
FN:2338,(anonymous_135)
FN:2349,jqLiteAddNodes
FN:2360,jqLiteController
FN:2364,jqLiteInheritedData
FN:2383,jqLiteEmpty
FN:2396,(anonymous_140)
FN:2399,trigger
FN:2416,(anonymous_142)
FN:2418,(anonymous_143)
FN:2422,(anonymous_144)
FN:2438,(anonymous_145)
FN:2442,(anonymous_146)
FN:2446,getBooleanAttrName
FN:2458,(anonymous_148)
FN:2463,(anonymous_149)
FN:2470,(anonymous_150)
FN:2474,(anonymous_151)
FN:2480,(anonymous_152)
FN:2505,(anonymous_153)
FN:2533,(anonymous_154)
FN:2541,(anonymous_155)
FN:2553,getText
FN:2562,(anonymous_157)
FN:2566,(anonymous_158)
FN:2578,(anonymous_159)
FN:2589,(anonymous_160)
FN:2593,(anonymous_161)
FN:2638,createEventHandler
FN:2639,(anonymous_163)
FN:2641,(anonymous_164)
FN:2647,(anonymous_165)
FN:2658,(anonymous_166)
FN:2665,(anonymous_167)
FN:2672,(anonymous_168)
FN:2704,onFn
FN:2713,(anonymous_170)
FN:2719,(anonymous_171)
FN:2729,(anonymous_172)
FN:2747,(anonymous_173)
FN:2768,(anonymous_174)
FN:2774,onFn
FN:2781,(anonymous_176)
FN:2784,(anonymous_177)
FN:2794,(anonymous_178)
FN:2796,(anonymous_179)
FN:2803,(anonymous_180)
FN:2807,(anonymous_181)
FN:2808,(anonymous_182)
FN:2815,(anonymous_183)
FN:2818,(anonymous_184)
FN:2824,(anonymous_185)
FN:2833,(anonymous_186)
FN:2839,(anonymous_187)
FN:2841,(anonymous_188)
FN:2850,(anonymous_189)
FN:2852,(anonymous_190)
FN:2862,(anonymous_191)
FN:2867,(anonymous_192)
FN:2880,(anonymous_193)
FN:2890,(anonymous_194)
FN:2900,(anonymous_195)
FN:2904,(anonymous_196)
FN:2908,(anonymous_197)
FN:2941,hashKey
FN:2962,HashMap
FN:2971,(anonymous_200)
FN:2979,(anonymous_201)
FN:2987,(anonymous_202)
FN:3060,annotate
FN:3072,(anonymous_204)
FN:3073,(anonymous_205)
FN:3581,createInjector
FN:3597,(anonymous_207)
FN:3602,(anonymous_208)
FN:3608,(anonymous_209)
FN:3616,supportObject
FN:3617,(anonymous_211)
FN:3626,provider
FN:3637,factory
FN:3639,service
FN:3640,(anonymous_215)
FN:3645,value
FN:3647,constant
FN:3653,decorator
FN:3657,(anonymous_219)
FN:3666,loadModules
FN:3668,(anonymous_221)
FN:3713,createInternalInjector
FN:3715,getService
FN:3737,invoke
FN:3765,instantiate
FN:3766,(anonymous_226)
FN:3783,(anonymous_227)
FN:3839,$AnchorScrollProvider
FN:3843,(anonymous_229)
FN:3847,(anonymous_230)
FN:3854,getFirstAnchor
FN:3856,(anonymous_232)
FN:3862,scroll
FN:3881,autoScrollWatch
FN:3882,autoScrollWatchAction
FN:3906,(anonymous_236)
FN:3943,(anonymous_237)
FN:3965,(anonymous_238)
FN:3972,(anonymous_239)
FN:3974,async
FN:4012,(anonymous_241)
FN:4035,(anonymous_242)
FN:4058,(anonymous_243)
FN:4077,(anonymous_244)
FN:4081,(anonymous_245)
FN:4100,(anonymous_246)
FN:4104,(anonymous_247)
FN:4124,(anonymous_248)
FN:4125,(anonymous_249)
FN:4137,$$AsyncCallbackProvider
FN:4138,(anonymous_251)
FN:4140,(anonymous_252)
FN:4141,(anonymous_253)
FN:4169,Browser
FN:4185,(anonymous_255)
FN:4191,completeOutstandingRequest
FN:4214,(anonymous_257)
FN:4218,(anonymous_258)
FN:4244,(anonymous_259)
FN:4258,startPoller
FN:4259,check
FN:4260,(anonymous_262)
FN:4292,(anonymous_263)
FN:4329,fireUrlChange
FN:4334,(anonymous_265)
FN:4361,(anonymous_266)
FN:4394,(anonymous_267)
FN:4426,(anonymous_268)
FN:4489,(anonymous_269)
FN:4492,(anonymous_270)
FN:4511,(anonymous_271)
FN:4523,$BrowserProvider
FN:4525,(anonymous_273)
FN:4568,$CacheFactoryProvider
FN:4570,(anonymous_275)
FN:4573,cacheFactory
FN:4588,(anonymous_277)
FN:4607,(anonymous_278)
FN:4620,(anonymous_279)
FN:4638,(anonymous_280)
FN:4646,(anonymous_281)
FN:4654,(anonymous_282)
FN:4663,refresh
FN:4682,link
FN:4700,(anonymous_285)
FN:4702,(anonymous_286)
FN:4719,(anonymous_287)
FN:4774,$TemplateCacheProvider
FN:4775,(anonymous_289)
FN:5278,$CompileProvider
FN:5305,registerDirective
FN:5312,(anonymous_292)
FN:5314,(anonymous_293)
FN:5363,(anonymous_294)
FN:5393,(anonymous_295)
FN:5405,(anonymous_296)
FN:5408,(anonymous_297)
FN:5428,(anonymous_298)
FN:5445,(anonymous_299)
FN:5463,(anonymous_300)
FN:5485,(anonymous_301)
FN:5529,(anonymous_302)
FN:5557,(anonymous_303)
FN:5563,(anonymous_304)
FN:5577,denormalizeTemplate
FN:5587,compile
FN:5596,(anonymous_307)
FN:5605,publicLinkFn
FN:5613,(anonymous_309)
FN:5632,safeAddClass
FN:5656,compileNodes
FN:5693,compositeLinkFn
FN:5731,createBoundTranscludeFn
FN:5732,boundTranscludeFn
FN:5759,collectDirectives
FN:5849,groupScan
FN:5882,groupElementsLinkFnWrapper
FN:5883,(anonymous_318)
FN:5912,applyDirectivesToNode
FN:6103,addLinkFns
FN:6123,getControllers
FN:6148,(anonymous_322)
FN:6156,nodeLinkFn
FN:6182,(anonymous_324)
FN:6195,(anonymous_325)
FN:6214,(anonymous_326)
FN:6216,(anonymous_327)
FN:6224,parentValueWatch
FN:6242,(anonymous_329)
FN:6257,(anonymous_330)
FN:6319,controllersBoundTransclude
FN:6337,markDirectivesAsIsolate
FN:6358,addDirective
FN:6390,mergeTemplateAttributes
FN:6396,(anonymous_335)
FN:6406,(anonymous_336)
FN:6424,directiveTemplateContents
FN:6446,compileTemplateUrl
FN:6464,(anonymous_339)
FN:6498,(anonymous_340)
FN:6537,(anonymous_341)
FN:6541,delayedNodeLinkFn
FN:6557,byPriority
FN:6565,assertNoDuplicate
FN:6573,addTextInterpolateDirective
FN:6578,textInterpolateLinkFn
FN:6583,interpolateFnWatchAction
FN:6592,getTrustedContext
FN:6607,addAttrInterpolateDirective
FN:6622,(anonymous_350)
FN:6624,attrInterpolatePreLinkFn
FN:6646,interpolateFnWatchAction
FN:6676,replaceWith
FN:6719,cloneAndAnnotateFn
FN:6720,(anonymous_355)
FN:6737,directiveNormalize
FN:6782,nodesetLinkingFn
FN:6789,directiveLinkingFn
FN:6797,tokenDifference
FN:6823,$ControllerProvider
FN:6836,(anonymous_361)
FN:6846,(anonymous_362)
FN:6870,(anonymous_363)
FN:6909,$DocumentProvider
FN:6910,(anonymous_365)
FN:6947,$ExceptionHandlerProvider
FN:6948,(anonymous_367)
FN:6949,(anonymous_368)
FN:6961,parseHeaders
FN:6966,(anonymous_370)
FN:6996,headersGetter
FN:6999,(anonymous_372)
FN:7021,transformData
FN:7025,(anonymous_374)
FN:7033,isSuccess
FN:7038,$HttpProvider
FN:7046,(anonymous_377)
FN:7057,(anonymous_378)
FN:7088,(anonymous_379)
FN:7099,(anonymous_380)
FN:7104,(anonymous_381)
FN:7115,(anonymous_382)
FN:7118,(anonymous_383)
FN:7617,$http
FN:7637,(anonymous_385)
FN:7643,(anonymous_386)
FN:7662,(anonymous_387)
FN:7678,(anonymous_388)
FN:7679,(anonymous_389)
FN:7685,(anonymous_390)
FN:7686,(anonymous_391)
FN:7694,transformResponse
FN:7704,mergeHeaders
FN:7731,execHeaders
FN:7734,(anonymous_395)
FN:7844,createShortMethods
FN:7845,(anonymous_397)
FN:7846,(anonymous_398)
FN:7856,createShortMethodsWithData
FN:7857,(anonymous_400)
FN:7858,(anonymous_401)
FN:7875,sendReq
FN:7928,done
FN:7946,resolvePromise
FN:7959,removePendingReq
FN:7966,buildUrl
FN:7969,(anonymous_407)
FN:7973,(anonymous_408)
FN:7991,createXhr
FN:8021,$HttpBackendProvider
FN:8022,(anonymous_411)
FN:8027,createHttpBackend
FN:8031,(anonymous_413)
FN:8038,(anonymous_414)
FN:8043,(anonymous_415)
FN:8056,(anonymous_416)
FN:8065,(anonymous_417)
FN:8123,timeoutRequest
FN:8129,completeRequest
FN:8147,jsonpReq
FN:8152,(anonymous_421)
FN:8162,(anonymous_422)
FN:8168,(anonymous_423)
FN:8216,$InterpolateProvider
FN:8229,(anonymous_425)
FN:8247,(anonymous_426)
FN:8257,(anonymous_427)
FN:8299,$interpolate
FN:8346,(anonymous_429)
FN:8390,(anonymous_430)
FN:8406,(anonymous_431)
FN:8414,$IntervalProvider
FN:8416,(anonymous_433)
FN:8543,interval
FN:8555,tick
FN:8584,(anonymous_436)
FN:8608,$LocaleProvider
FN:8609,(anonymous_438)
FN:8660,(anonymous_439)
FN:8681,encodePath
FN:8692,parseAbsoluteUrl
FN:8701,parseAppUrl
FN:8726,beginsWith
FN:8733,stripHash
FN:8739,stripFile
FN:8744,serverBase
FN:8757,LocationHtml5Url
FN:8769,(anonymous_448)
FN:8789,(anonymous_449)
FN:8797,(anonymous_450)
FN:8825,LocationHashbangUrl
FN:8836,(anonymous_452)
FN:8865,removeWindowsDriveName
FN:8896,(anonymous_454)
FN:8904,(anonymous_455)
FN:8921,LocationHashbangInHtml5Url
FN:8927,(anonymous_457)
FN:8986,(anonymous_458)
FN:9054,(anonymous_459)
FN:9079,(anonymous_460)
FN:9129,(anonymous_461)
FN:9135,locationGetter
FN:9136,(anonymous_463)
FN:9142,locationGetterSetter
FN:9143,(anonymous_465)
FN:9188,$LocationProvider
FN:9199,(anonymous_467)
FN:9215,(anonymous_468)
FN:9252,(anonymous_469)
FN:9269,(anonymous_470)
FN:9312,(anonymous_471)
FN:9314,(anonymous_472)
FN:9332,$locationWatch
FN:9338,(anonymous_474)
FN:9355,afterLocationChange
FN:9403,$LogProvider
FN:9414,(anonymous_477)
FN:9423,(anonymous_478)
FN:9468,(anonymous_479)
FN:9471,(anonymous_480)
FN:9479,formatError
FN:9492,consoleLog
FN:9504,(anonymous_483)
FN:9506,(anonymous_484)
FN:9515,(anonymous_485)
FN:9555,ensureSafeMemberName
FN:9564,ensureSafeObject
FN:9588,(anonymous_488)
FN:9589,(anonymous_489)
FN:9590,(anonymous_490)
FN:9592,(anonymous_491)
FN:9601,(anonymous_492)
FN:9605,(anonymous_493)
FN:9606,(anonymous_494)
FN:9607,(anonymous_495)
FN:9608,(anonymous_496)
FN:9610,(anonymous_497)
FN:9611,(anonymous_498)
FN:9612,(anonymous_499)
FN:9613,(anonymous_500)
FN:9614,(anonymous_501)
FN:9615,(anonymous_502)
FN:9616,(anonymous_503)
FN:9617,(anonymous_504)
FN:9618,(anonymous_505)
FN:9619,(anonymous_506)
FN:9620,(anonymous_507)
FN:9622,(anonymous_508)
FN:9623,(anonymous_509)
FN:9635,(anonymous_510)
FN:9642,(anonymous_511)
FN:9708,(anonymous_512)
FN:9712,(anonymous_513)
FN:9716,(anonymous_514)
FN:9721,(anonymous_515)
FN:9725,(anonymous_516)
FN:9731,(anonymous_517)
FN:9737,(anonymous_518)
FN:9741,(anonymous_519)
FN:9750,(anonymous_520)
FN:9780,(anonymous_521)
FN:9784,(anonymous_522)
FN:9834,(anonymous_523)
FN:9837,(anonymous_524)
FN:9859,(anonymous_525)
FN:9893,(anonymous_526)
FN:9909,(anonymous_527)
FN:9915,(anonymous_528)
FN:9920,(anonymous_529)
FN:9936,(anonymous_530)
FN:9953,(anonymous_531)
FN:9992,(anonymous_532)
FN:9998,(anonymous_533)
FN:10004,(anonymous_534)
FN:10016,(anonymous_535)
FN:10028,(anonymous_536)
FN:10034,(anonymous_537)
FN:10035,(anonymous_538)
FN:10042,(anonymous_539)
FN:10043,(anonymous_540)
FN:10050,(anonymous_541)
FN:10051,(anonymous_542)
FN:10058,(anonymous_543)
FN:10068,(anonymous_544)
FN:10082,(anonymous_545)
FN:10094,(anonymous_546)
FN:10102,(anonymous_547)
FN:10109,(anonymous_548)
FN:10116,(anonymous_549)
FN:10120,(anonymous_550)
FN:10130,(anonymous_551)
FN:10137,(anonymous_552)
FN:10153,(anonymous_553)
FN:10165,(anonymous_554)
FN:10174,(anonymous_555)
FN:10183,(anonymous_556)
FN:10192,(anonymous_557)
FN:10201,(anonymous_558)
FN:10210,(anonymous_559)
FN:10223,(anonymous_560)
FN:10228,(anonymous_561)
FN:10231,(anonymous_562)
FN:10237,(anonymous_563)
FN:10243,(anonymous_564)
FN:10254,(anonymous_565)
FN:10260,(anonymous_566)
FN:10269,(anonymous_567)
FN:10280,(anonymous_568)
FN:10302,(anonymous_569)
FN:10320,(anonymous_570)
FN:10332,(anonymous_571)
FN:10353,(anonymous_572)
FN:10372,setter
FN:10388,(anonymous_574)
FN:10389,(anonymous_575)
FN:10410,cspSafeGetterFn
FN:10418,cspSafeGetter
FN:10442,cspSafePromiseEnabledGetter
FN:10454,(anonymous_579)
FN:10467,(anonymous_580)
FN:10480,(anonymous_581)
FN:10493,(anonymous_582)
FN:10506,(anonymous_583)
FN:10514,simpleGetterFn1
FN:10517,simpleGetterFn1
FN:10523,simpleGetterFn2
FN:10527,simpleGetterFn2
FN:10534,getterFn
FN:10557,(anonymous_589)
FN:10571,(anonymous_590)
FN:10597,(anonymous_591)
FN:10662,$ParseProvider
FN:10716,(anonymous_593)
FN:10743,(anonymous_594)
FN:10753,(anonymous_595)
FN:10756,promiseWarningFn
FN:10763,(anonymous_597)
FN:10963,$QProvider
FN:10965,(anonymous_599)
FN:10966,(anonymous_600)
FN:10981,qFactory
FN:10993,(anonymous_602)
FN:10999,(anonymous_603)
FN:11006,(anonymous_604)
FN:11018,(anonymous_605)
FN:11023,(anonymous_606)
FN:11028,(anonymous_607)
FN:11041,(anonymous_608)
FN:11044,(anonymous_609)
FN:11053,(anonymous_610)
FN:11062,(anonymous_611)
FN:11079,(anonymous_612)
FN:11083,(anonymous_613)
FN:11085,makePromise
FN:11095,handleCallback
FN:11103,(anonymous_616)
FN:11105,(anonymous_617)
FN:11113,(anonymous_618)
FN:11115,(anonymous_619)
FN:11126,(anonymous_620)
FN:11129,(anonymous_621)
FN:11131,(anonymous_622)
FN:11176,(anonymous_623)
FN:11182,(anonymous_624)
FN:11184,(anonymous_625)
FN:11186,(anonymous_626)
FN:11213,(anonymous_627)
FN:11217,(anonymous_628)
FN:11226,(anonymous_629)
FN:11235,(anonymous_630)
FN:11243,(anonymous_631)
FN:11244,(anonymous_632)
FN:11248,(anonymous_633)
FN:11252,(anonymous_634)
FN:11262,defaultCallback
FN:11267,defaultErrback
FN:11287,all
FN:11292,(anonymous_638)
FN:11294,(anonymous_639)
FN:11298,(anonymous_640)
FN:11319,$$RAFProvider
FN:11320,(anonymous_642)
FN:11327,(anonymous_643)
FN:11329,(anonymous_644)
FN:11407,$RootScopeProvider
FN:11412,(anonymous_646)
FN:11420,(anonymous_647)
FN:11462,Scope
FN:11511,(anonymous_649)
FN:11522,(anonymous_650)
FN:11653,(anonymous_651)
FN:11670,(anonymous_652)
FN:11675,(anonymous_653)
FN:11688,(anonymous_654)
FN:11748,(anonymous_655)
FN:11758,$watchCollectionWatch
FN:11827,$watchCollectionAction
FN:11881,(anonymous_658)
FN:12024,(anonymous_659)
FN:12074,(anonymous_660)
FN:12107,(anonymous_661)
FN:12111,(anonymous_662)
FN:12121,(anonymous_663)
FN:12170,(anonymous_664)
FN:12213,(anonymous_665)
FN:12229,(anonymous_666)
FN:12258,(anonymous_667)
FN:12266,(anonymous_668)
FN:12267,(anonymous_669)
FN:12325,(anonymous_670)
FN:12332,(anonymous_671)
FN:12381,beginPhase
FN:12389,clearPhase
FN:12393,compileToFn
FN:12399,decrementListenerCount
FN:12413,initWatchVal
FN:12421,$$SanitizeUriProvider
FN:12441,(anonymous_678)
FN:12466,(anonymous_679)
FN:12474,(anonymous_680)
FN:12475,sanitizeUri
FN:12507,escapeForRegexp
FN:12513,adjustMatcher
FN:12541,adjustMatchers
FN:12544,(anonymous_685)
FN:12617,$SceDelegateProvider
FN:12646,(anonymous_687)
FN:12680,(anonymous_688)
FN:12687,(anonymous_689)
FN:12689,htmlSanitizer
FN:12698,matchUrl
FN:12707,isResourceUrlAllowedByPolicy
FN:12729,generateHolderType
FN:12730,TrustedValueHolderType
FN:12731,(anonymous_695)
FN:12738,sceValueOf
FN:12741,sceToString
FN:12773,trustAs
FN:12811,valueOf
FN:12834,getTrusted
FN:13148,$SceProvider
FN:13162,(anonymous_702)
FN:13216,(anonymous_703)
FN:13240,(anonymous_704)
FN:13248,(anonymous_705)
FN:13271,sceParseAs
FN:13276,sceParseAsTrusted
FN:13529,(anonymous_708)
FN:13531,(anonymous_709)
FN:13534,(anonymous_710)
FN:13537,(anonymous_711)
FN:13561,$SnifferProvider
FN:13562,(anonymous_713)
FN:13614,(anonymous_714)
FN:13638,$TimeoutProvider
FN:13640,(anonymous_716)
FN:13669,timeout
FN:13675,(anonymous_718)
FN:13708,(anonymous_719)
FN:13784,urlResolve
FN:13818,urlIsSameOrigin
FN:13864,$WindowProvider
FN:13943,$FilterProvider
FN:13954,register
FN:13957,(anonymous_725)
FN:13967,(anonymous_726)
FN:13968,(anonymous_727)
FN:14111,filterFilter
FN:14112,(anonymous_729)
FN:14118,(anonymous_730)
FN:14129,(anonymous_731)
FN:14133,(anonymous_732)
FN:14149,(anonymous_733)
FN:14192,(anonymous_734)
FN:14194,(anonymous_735)
FN:14265,currencyFilter
FN:14267,(anonymous_737)
FN:14325,numberFilter
FN:14327,(anonymous_739)
FN:14334,formatNumber
FN:14408,padNumber
FN:14422,dateGetter
FN:14424,(anonymous_743)
FN:14433,dateStrGetter
FN:14434,(anonymous_745)
FN:14442,timeZoneGetter
FN:14452,ampmGetter
FN:14568,dateFilter
FN:14573,jsonStringToDate
FN:14598,(anonymous_750)
FN:14632,(anonymous_751)
FN:14671,jsonFilter
FN:14672,(anonymous_753)
FN:14768,limitToFilter
FN:14769,(anonymous_755)
FN:14869,orderByFilter
FN:14870,(anonymous_757)
FN:14874,(anonymous_758)
FN:14883,(anonymous_759)
FN:14891,comparator
FN:14898,reverseComparator
FN:14900,(anonymous_762)
FN:14903,compare
FN:14920,ngDirective
FN:14945,(anonymous_765)
FN:14963,(anonymous_766)
FN:14967,(anonymous_767)
FN:15322,(anonymous_768)
FN:15327,(anonymous_769)
FN:15330,(anonymous_770)
FN:15331,ngBooleanAttrWatchAction
FN:15341,(anonymous_772)
FN:15343,(anonymous_773)
FN:15346,(anonymous_774)
FN:15357,(anonymous_775)
FN:15421,FormController
FN:15442,toggleValidCss
FN:15457,(anonymous_778)
FN:15477,(anonymous_779)
FN:15481,(anonymous_780)
FN:15497,(anonymous_781)
FN:15545,(anonymous_782)
FN:15567,(anonymous_783)
FN:15572,(anonymous_784)
FN:15737,(anonymous_785)
FN:15738,(anonymous_786)
FN:15743,(anonymous_787)
FN:15745,(anonymous_788)
FN:15753,(anonymous_789)
FN:15763,(anonymous_790)
FN:15764,(anonymous_791)
FN:15777,(anonymous_792)
FN:16227,validate
FN:16233,addNativeHtml5Validators
FN:16236,(anonymous_795)
FN:16251,textInputType
FN:16259,(anonymous_797)
FN:16263,(anonymous_798)
FN:16269,(anonymous_799)
FN:16288,(anonymous_800)
FN:16302,(anonymous_801)
FN:16304,(anonymous_802)
FN:16311,(anonymous_803)
FN:16331,(anonymous_804)
FN:16341,(anonymous_805)
FN:16347,(anonymous_806)
FN:16351,(anonymous_807)
FN:16370,(anonymous_808)
FN:16381,(anonymous_809)
FN:16390,numberInputType
FN:16393,(anonymous_811)
FN:16406,(anonymous_812)
FN:16411,(anonymous_813)
FN:16421,(anonymous_814)
FN:16430,(anonymous_815)
FN:16435,urlInputType
FN:16438,(anonymous_817)
FN:16446,emailInputType
FN:16449,(anonymous_819)
FN:16457,radioInputType
FN:16463,(anonymous_821)
FN:16465,(anonymous_822)
FN:16471,(anonymous_823)
FN:16479,checkboxInputType
FN:16486,(anonymous_825)
FN:16487,(anonymous_826)
FN:16492,(anonymous_827)
FN:16497,(anonymous_828)
FN:16501,(anonymous_829)
FN:16505,(anonymous_830)
FN:16649,(anonymous_831)
FN:16653,(anonymous_832)
FN:16802,(anonymous_833)
FN:16849,(anonymous_834)
FN:16863,toggleValidCss
FN:16886,(anonymous_836)
FN:16922,(anonymous_837)
FN:16950,(anonymous_838)
FN:16962,(anonymous_839)
FN:16969,(anonymous_840)
FN:16982,ngModelWatch
FN:17109,(anonymous_842)
FN:17113,(anonymous_843)
FN:17121,(anonymous_844)
FN:17189,(anonymous_845)
FN:17190,(anonymous_846)
FN:17197,(anonymous_847)
FN:17200,(anonymous_848)
FN:17204,(anonymous_849)
FN:17217,(anonymous_850)
FN:17279,(anonymous_851)
FN:17282,(anonymous_852)
FN:17286,(anonymous_853)
FN:17293,(anonymous_854)
FN:17302,(anonymous_855)
FN:17311,(anonymous_856)
FN:17371,(anonymous_857)
FN:17374,(anonymous_858)
FN:17376,ngValueConstantLink
FN:17380,ngValueLink
FN:17381,valueWatchAction
FN:17440,(anonymous_862)
FN:17442,ngBindWatchAction
FN:17501,(anonymous_864)
FN:17502,(anonymous_865)
FN:17506,(anonymous_866)
FN:17559,(anonymous_867)
FN:17560,(anonymous_868)
FN:17564,getStringValue
FN:17566,ngBindHtmlWatchAction
FN:17572,classDirective
FN:17574,(anonymous_872)
FN:17577,(anonymous_873)
FN:17582,(anonymous_874)
FN:17588,(anonymous_875)
FN:17601,ngClassWatchAction
FN:17614,flattenClasses
FN:17619,(anonymous_878)
FN:17933,(anonymous_879)
FN:18131,(anonymous_880)
FN:18220,(anonymous_881)
FN:18222,(anonymous_882)
FN:18224,(anonymous_883)
FN:18226,(anonymous_884)
FN:18227,(anonymous_885)
FN:18228,(anonymous_886)
FN:18696,(anonymous_887)
FN:18703,(anonymous_888)
FN:18705,ngIfWatchAction
FN:18710,(anonymous_890)
FN:18732,(anonymous_891)
FN:18905,(anonymous_892)
FN:18912,(anonymous_893)
FN:18917,(anonymous_894)
FN:18923,(anonymous_895)
FN:18933,(anonymous_896)
FN:18941,ngIncludeWatchAction
FN:18942,(anonymous_898)
FN:18950,(anonymous_899)
FN:18961,(anonymous_900)
FN:18971,(anonymous_901)
FN:18991,(anonymous_902)
FN:18996,(anonymous_903)
FN:19060,(anonymous_904)
FN:19062,(anonymous_905)
FN:19274,(anonymous_906)
FN:19278,(anonymous_907)
FN:19288,(anonymous_908)
FN:19294,(anonymous_909)
FN:19300,ngPluralizeWatch
FN:19311,ngPluralizeWatchAction
FN:19514,(anonymous_912)
FN:19522,(anonymous_913)
FN:19540,(anonymous_914)
FN:19548,(anonymous_915)
FN:19551,(anonymous_916)
FN:19572,ngRepeatAction
FN:19621,(anonymous_918)
FN:19641,(anonymous_919)
FN:19684,(anonymous_920)
FN:19702,getBlockStart
FN:19706,getBlockEnd
FN:19862,(anonymous_923)
FN:19863,(anonymous_924)
FN:19864,ngShowWatchAction
FN:20022,(anonymous_926)
FN:20023,(anonymous_927)
FN:20024,ngHideWatchAction
FN:20070,(anonymous_929)
FN:20071,ngStyleWatchAction
FN:20073,(anonymous_931)
FN:20204,(anonymous_932)
FN:20210,ngSwitchController
FN:20213,(anonymous_934)
FN:20220,ngSwitchWatchAction
FN:20235,(anonymous_936)
FN:20249,(anonymous_937)
FN:20252,(anonymous_938)
FN:20269,(anonymous_939)
FN:20279,(anonymous_940)
FN:20341,(anonymous_941)
FN:20350,(anonymous_942)
FN:20390,(anonymous_943)
FN:20394,(anonymous_944)
FN:20542,(anonymous_945)
FN:20551,(anonymous_946)
FN:20562,(anonymous_947)
FN:20569,(anonymous_948)
FN:20580,(anonymous_949)
FN:20590,(anonymous_950)
FN:20599,(anonymous_951)
FN:20603,(anonymous_952)
FN:20609,(anonymous_953)
FN:20637,(anonymous_954)
FN:20651,setupAsSingle
FN:20652,(anonymous_956)
FN:20668,(anonymous_957)
FN:20669,(anonymous_958)
FN:20676,setupAsMultiple
FN:20678,(anonymous_960)
FN:20680,(anonymous_961)
FN:20687,selectMultipleWatch
FN:20694,(anonymous_963)
FN:20695,(anonymous_964)
FN:20697,(anonymous_965)
FN:20707,setupAsOptions
FN:20748,(anonymous_967)
FN:20749,(anonymous_968)
FN:20810,render
FN:20987,(anonymous_970)
FN:20996,(anonymous_971)
FN:21004,(anonymous_972)
FN:21019,interpolateWatchAction
FN:21028,(anonymous_974)
FN:21047,(anonymous_975)
FNF:975
FNH:486
FNDA:2,(anonymous_1)
FNDA:28,minErr
FNDA:2,(anonymous_3)
FNDA:2,(anonymous_4)
FNDA:2,(anonymous_5)
FNDA:57,(anonymous_6)
FNDA:17,(anonymous_7)
FNDA:0,(anonymous_8)
FNDA:0,(anonymous_9)
FNDA:0,(anonymous_10)
FNDA:0,(anonymous_11)
FNDA:500,isArrayLike
FNDA:720,forEach
FNDA:0,sortedKeys
FNDA:0,forEachSorted
FNDA:12,reverseParams
FNDA:182,(anonymous_17)
FNDA:10,nextUid
FNDA:170,setHashKey
FNDA:129,extend
FNDA:280,(anonymous_21)
FNDA:225,(anonymous_22)
FNDA:8,int
FNDA:0,inherit
FNDA:0,(anonymous_25)
FNDA:20,noop
FNDA:0,identity
FNDA:61,valueFn
FNDA:78,(anonymous_29)
FNDA:284,isUndefined
FNDA:1067,isDefined
FNDA:615,isObject
FNDA:3776,isString
FNDA:0,isNumber
FNDA:78,isDate
FNDA:1091,isArray
FNDA:1557,isFunction
FNDA:78,isRegExp
FNDA:707,isWindow
FNDA:179,isScope
FNDA:0,isFile
FNDA:0,isBoolean
FNDA:2,(anonymous_43)
FNDA:0,(anonymous_44)
FNDA:332,(anonymous_45)
FNDA:0,isElement
FNDA:0,makeMap
FNDA:0,(anonymous_48)
FNDA:144,(anonymous_49)
FNDA:0,map
FNDA:0,(anonymous_51)
FNDA:0,size
FNDA:0,includes
FNDA:4,indexOf
FNDA:1,arrayRemove
FNDA:0,isLeafNode
FNDA:131,copy
FNDA:0,(anonymous_58)
FNDA:37,shallowCopy
FNDA:57,equals
FNDA:4,csp
FNDA:28,concat
FNDA:8,sliceArgs
FNDA:1,bind
FNDA:2,(anonymous_65)
FNDA:0,(anonymous_66)
FNDA:12,toJsonReplacer
FNDA:12,toJson
FNDA:0,fromJson
FNDA:9,toBoolean
FNDA:0,startingTag
FNDA:0,(anonymous_72)
FNDA:0,tryDecodeURIComponent
FNDA:3,parseKeyValue
FNDA:3,(anonymous_75)
FNDA:9,toKeyValue
FNDA:0,(anonymous_77)
FNDA:0,(anonymous_78)
FNDA:15,encodeUriSegment
FNDA:15,encodeUriQuery
FNDA:2,angularInit
FNDA:10,append
FNDA:8,(anonymous_83)
FNDA:4,(anonymous_84)
FNDA:2,(anonymous_85)
FNDA:2,bootstrap
FNDA:2,(anonymous_87)
FNDA:2,(anonymous_88)
FNDA:2,(anonymous_89)
FNDA:2,(anonymous_90)
FNDA:0,(anonymous_91)
FNDA:0,(anonymous_92)
FNDA:0,snake_case
FNDA:0,(anonymous_94)
FNDA:2,bindJQuery
FNDA:326,assertArg
FNDA:180,assertArgFn
FNDA:365,assertNotHasOwnProperty
FNDA:0,getter
FNDA:0,getBlockElements
FNDA:2,setupModuleLoader
FNDA:30,ensure
FNDA:2,(anonymous_103)
FNDA:26,module
FNDA:26,(anonymous_105)
FNDA:10,(anonymous_106)
FNDA:0,(anonymous_107)
FNDA:80,invokeLater
FNDA:22,(anonymous_109)
FNDA:2,publishExternalAPI
FNDA:2,ngModule
FNDA:37,(anonymous_112)
FNDA:0,(anonymous_113)
FNDA:9,(anonymous_114)
FNDA:0,(anonymous_115)
FNDA:0,(anonymous_116)
FNDA:30,jqNextId
FNDA:626,camelCase
FNDA:293,(anonymous_119)
FNDA:0,jqLitePatchJQueryRemove
FNDA:0,removePatch
FNDA:1245,JQLite
FNDA:3,jqLiteClone
FNDA:240,jqLiteDealoc
FNDA:4,jqLiteOff
FNDA:8,(anonymous_126)
FNDA:0,(anonymous_127)
FNDA:240,jqLiteRemoveData
FNDA:295,jqLiteExpandoStore
FNDA:151,jqLiteData
FNDA:0,jqLiteHasClass
FNDA:15,jqLiteRemoveClass
FNDA:15,(anonymous_133)
FNDA:61,jqLiteAddClass
FNDA:52,(anonymous_135)
FNDA:621,jqLiteAddNodes
FNDA:6,jqLiteController
FNDA:26,jqLiteInheritedData
FNDA:0,jqLiteEmpty
FNDA:2,(anonymous_140)
FNDA:4,trigger
FNDA:0,(anonymous_142)
FNDA:0,(anonymous_143)
FNDA:11,(anonymous_144)
FNDA:14,(anonymous_145)
FNDA:14,(anonymous_146)
FNDA:202,getBooleanAttrName
FNDA:0,(anonymous_148)
FNDA:0,(anonymous_149)
FNDA:8,(anonymous_150)
FNDA:6,(anonymous_151)
FNDA:0,(anonymous_152)
FNDA:3,(anonymous_153)
FNDA:3,(anonymous_154)
FNDA:2,(anonymous_155)
FNDA:3,getText
FNDA:3,(anonymous_157)
FNDA:0,(anonymous_158)
FNDA:3,(anonymous_159)
FNDA:30,(anonymous_160)
FNDA:199,(anonymous_161)
FNDA:18,createEventHandler
FNDA:7,(anonymous_163)
FNDA:0,(anonymous_164)
FNDA:0,(anonymous_165)
FNDA:0,(anonymous_166)
FNDA:0,(anonymous_167)
FNDA:7,(anonymous_168)
FNDA:37,onFn
FNDA:37,(anonymous_170)
FNDA:0,(anonymous_171)
FNDA:0,(anonymous_172)
FNDA:0,(anonymous_173)
FNDA:0,(anonymous_174)
FNDA:0,onFn
FNDA:0,(anonymous_176)
FNDA:0,(anonymous_177)
FNDA:3,(anonymous_178)
FNDA:15,(anonymous_179)
FNDA:3,(anonymous_180)
FNDA:2,(anonymous_181)
FNDA:2,(anonymous_182)
FNDA:2,(anonymous_183)
FNDA:2,(anonymous_184)
FNDA:0,(anonymous_185)
FNDA:2,(anonymous_186)
FNDA:3,(anonymous_187)
FNDA:3,(anonymous_188)
FNDA:0,(anonymous_189)
FNDA:0,(anonymous_190)
FNDA:102,(anonymous_191)
FNDA:0,(anonymous_192)
FNDA:4,(anonymous_193)
FNDA:0,(anonymous_194)
FNDA:0,(anonymous_195)
FNDA:42,(anonymous_196)
FNDA:195,(anonymous_197)
FNDA:22,hashKey
FNDA:2,HashMap
FNDA:10,(anonymous_200)
FNDA:12,(anonymous_201)
FNDA:0,(anonymous_202)
FNDA:223,annotate
FNDA:12,(anonymous_204)
FNDA:12,(anonymous_205)
FNDA:2,createInjector
FNDA:0,(anonymous_207)
FNDA:100,(anonymous_208)
FNDA:2,(anonymous_209)
FNDA:10,supportObject
FNDA:166,(anonymous_211)
FNDA:214,provider
FNDA:154,factory
FNDA:0,service
FNDA:0,(anonymous_215)
FNDA:2,value
FNDA:0,constant
FNDA:0,decorator
FNDA:0,(anonymous_219)
FNDA:10,loadModules
FNDA:12,(anonymous_221)
FNDA:4,createInternalInjector
FNDA:604,getService
FNDA:223,invoke
FNDA:75,instantiate
FNDA:75,(anonymous_226)
FNDA:2,(anonymous_227)
FNDA:2,$AnchorScrollProvider
FNDA:0,(anonymous_229)
FNDA:2,(anonymous_230)
FNDA:0,getFirstAnchor
FNDA:0,(anonymous_232)
FNDA:2,scroll
FNDA:11,autoScrollWatch
FNDA:2,autoScrollWatchAction
FNDA:2,(anonymous_236)
FNDA:0,(anonymous_237)
FNDA:0,(anonymous_238)
FNDA:2,(anonymous_239)
FNDA:34,async
FNDA:3,(anonymous_241)
FNDA:1,(anonymous_242)
FNDA:0,(anonymous_243)
FNDA:21,(anonymous_244)
FNDA:21,(anonymous_245)
FNDA:9,(anonymous_246)
FNDA:9,(anonymous_247)
FNDA:0,(anonymous_248)
FNDA:0,(anonymous_249)
FNDA:2,$$AsyncCallbackProvider
FNDA:2,(anonymous_251)
FNDA:4,(anonymous_252)
FNDA:0,(anonymous_253)
FNDA:2,Browser
FNDA:0,(anonymous_255)
FNDA:2,completeOutstandingRequest
FNDA:6,(anonymous_257)
FNDA:0,(anonymous_258)
FNDA:0,(anonymous_259)
FNDA:0,startPoller
FNDA:0,check
FNDA:0,(anonymous_262)
FNDA:24,(anonymous_263)
FNDA:2,fireUrlChange
FNDA:1,(anonymous_265)
FNDA:2,(anonymous_266)
FNDA:4,(anonymous_267)
FNDA:3,(anonymous_268)
FNDA:2,(anonymous_269)
FNDA:2,(anonymous_270)
FNDA:0,(anonymous_271)
FNDA:2,$BrowserProvider
FNDA:2,(anonymous_273)
FNDA:2,$CacheFactoryProvider
FNDA:2,(anonymous_275)
FNDA:4,cacheFactory
FNDA:2,(anonymous_277)
FNDA:3,(anonymous_278)
FNDA:0,(anonymous_279)
FNDA:0,(anonymous_280)
FNDA:0,(anonymous_281)
FNDA:0,(anonymous_282)
FNDA:0,refresh
FNDA:0,link
FNDA:0,(anonymous_285)
FNDA:0,(anonymous_286)
FNDA:0,(anonymous_287)
FNDA:2,$TemplateCacheProvider
FNDA:2,(anonymous_289)
FNDA:2,$CompileProvider
FNDA:146,registerDirective
FNDA:36,(anonymous_292)
FNDA:38,(anonymous_293)
FNDA:0,(anonymous_294)
FNDA:0,(anonymous_295)
FNDA:2,(anonymous_296)
FNDA:391,(anonymous_297)
FNDA:9,(anonymous_298)
FNDA:0,(anonymous_299)
FNDA:0,(anonymous_300)
FNDA:6,(anonymous_301)
FNDA:0,(anonymous_302)
FNDA:9,(anonymous_303)
FNDA:9,(anonymous_304)
FNDA:0,denormalizeTemplate
FNDA:10,compile
FNDA:22,(anonymous_307)
FNDA:8,publicLinkFn
FNDA:0,(anonymous_309)
FNDA:19,safeAddClass
FNDA:107,compileNodes
FNDA:61,compositeLinkFn
FNDA:5,createBoundTranscludeFn
FNDA:3,boundTranscludeFn
FNDA:361,collectDirectives
FNDA:5,groupScan
FNDA:0,groupElementsLinkFnWrapper
FNDA:0,(anonymous_318)
FNDA:100,applyDirectivesToNode
FNDA:97,addLinkFns
FNDA:27,getControllers
FNDA:12,(anonymous_322)
FNDA:89,nodeLinkFn
FNDA:0,(anonymous_324)
FNDA:0,(anonymous_325)
FNDA:0,(anonymous_326)
FNDA:0,(anonymous_327)
FNDA:0,parentValueWatch
FNDA:0,(anonymous_329)
FNDA:12,(anonymous_330)
FNDA:3,controllersBoundTransclude
FNDA:0,markDirectivesAsIsolate
FNDA:346,addDirective
FNDA:0,mergeTemplateAttributes
FNDA:0,(anonymous_335)
FNDA:0,(anonymous_336)
FNDA:0,directiveTemplateContents
FNDA:0,compileTemplateUrl
FNDA:0,(anonymous_339)
FNDA:0,(anonymous_340)
FNDA:0,(anonymous_341)
FNDA:0,delayedNodeLinkFn
FNDA:62,byPriority
FNDA:26,assertNoDuplicate
FNDA:223,addTextInterpolateDirective
FNDA:6,textInterpolateLinkFn
FNDA:6,interpolateFnWatchAction
FNDA:0,getTrustedContext
FNDA:196,addAttrInterpolateDirective
FNDA:0,(anonymous_350)
FNDA:0,attrInterpolatePreLinkFn
FNDA:0,interpolateFnWatchAction
FNDA:5,replaceWith
FNDA:0,cloneAndAnnotateFn
FNDA:0,(anonymous_355)
FNDA:596,directiveNormalize
FNDA:0,nodesetLinkingFn
FNDA:0,directiveLinkingFn
FNDA:0,tokenDifference
FNDA:2,$ControllerProvider
FNDA:2,(anonymous_361)
FNDA:2,(anonymous_362)
FNDA:15,(anonymous_363)
FNDA:2,$DocumentProvider
FNDA:2,(anonymous_365)
FNDA:2,$ExceptionHandlerProvider
FNDA:2,(anonymous_367)
FNDA:0,(anonymous_368)
FNDA:0,parseHeaders
FNDA:0,(anonymous_370)
FNDA:6,headersGetter
FNDA:0,(anonymous_372)
FNDA:6,transformData
FNDA:6,(anonymous_374)
FNDA:6,isSuccess
FNDA:2,$HttpProvider
FNDA:3,(anonymous_377)
FNDA:3,(anonymous_378)
FNDA:2,(anonymous_379)
FNDA:0,(anonymous_380)
FNDA:0,(anonymous_381)
FNDA:0,(anonymous_382)
FNDA:0,(anonymous_383)
FNDA:3,$http
FNDA:3,(anonymous_385)
FNDA:3,(anonymous_386)
FNDA:0,(anonymous_387)
FNDA:0,(anonymous_388)
FNDA:0,(anonymous_389)
FNDA:0,(anonymous_390)
FNDA:0,(anonymous_391)
FNDA:3,transformResponse
FNDA:3,mergeHeaders
FNDA:6,execHeaders
FNDA:3,(anonymous_395)
FNDA:2,createShortMethods
FNDA:8,(anonymous_397)
FNDA:3,(anonymous_398)
FNDA:2,createShortMethodsWithData
FNDA:4,(anonymous_400)
FNDA:0,(anonymous_401)
FNDA:3,sendReq
FNDA:0,done
FNDA:3,resolvePromise
FNDA:3,removePendingReq
FNDA:3,buildUrl
FNDA:0,(anonymous_407)
FNDA:0,(anonymous_408)
FNDA:0,createXhr
FNDA:2,$HttpBackendProvider
FNDA:2,(anonymous_411)
FNDA:2,createHttpBackend
FNDA:0,(anonymous_413)
FNDA:0,(anonymous_414)
FNDA:0,(anonymous_415)
FNDA:0,(anonymous_416)
FNDA:0,(anonymous_417)
FNDA:0,timeoutRequest
FNDA:0,completeRequest
FNDA:0,jsonpReq
FNDA:0,(anonymous_421)
FNDA:0,(anonymous_422)
FNDA:0,(anonymous_423)
FNDA:2,$InterpolateProvider
FNDA:0,(anonymous_425)
FNDA:0,(anonymous_426)
FNDA:2,(anonymous_427)
FNDA:425,$interpolate
FNDA:18,(anonymous_429)
FNDA:5,(anonymous_430)
FNDA:5,(anonymous_431)
FNDA:2,$IntervalProvider
FNDA:0,(anonymous_433)
FNDA:0,interval
FNDA:0,tick
FNDA:0,(anonymous_436)
FNDA:2,$LocaleProvider
FNDA:2,(anonymous_438)
FNDA:6,(anonymous_439)
FNDA:9,encodePath
FNDA:2,parseAbsoluteUrl
FNDA:3,parseAppUrl
FNDA:6,beginsWith
FNDA:8,stripHash
FNDA:2,stripFile
FNDA:0,serverBase
FNDA:0,LocationHtml5Url
FNDA:0,(anonymous_448)
FNDA:0,(anonymous_449)
FNDA:0,(anonymous_450)
FNDA:2,LocationHashbangUrl
FNDA:3,(anonymous_452)
FNDA:3,removeWindowsDriveName
FNDA:9,(anonymous_454)
FNDA:2,(anonymous_455)
FNDA:0,LocationHashbangInHtml5Url
FNDA:0,(anonymous_457)
FNDA:0,(anonymous_458)
FNDA:3,(anonymous_459)
FNDA:9,(anonymous_460)
FNDA:3,(anonymous_461)
FNDA:8,locationGetter
FNDA:31,(anonymous_463)
FNDA:4,locationGetterSetter
FNDA:25,(anonymous_465)
FNDA:2,$LocationProvider
FNDA:0,(anonymous_467)
FNDA:0,(anonymous_468)
FNDA:2,(anonymous_469)
FNDA:0,(anonymous_470)
FNDA:1,(anonymous_471)
FNDA:1,(anonymous_472)
FNDA:11,$locationWatch
FNDA:5,(anonymous_474)
FNDA:6,afterLocationChange
FNDA:2,$LogProvider
FNDA:0,(anonymous_477)
FNDA:2,(anonymous_478)
FNDA:2,(anonymous_479)
FNDA:0,(anonymous_480)
FNDA:0,formatError
FNDA:10,consoleLog
FNDA:0,(anonymous_483)
FNDA:0,(anonymous_484)
FNDA:0,(anonymous_485)
FNDA:46,ensureSafeMemberName
FNDA:0,ensureSafeObject
FNDA:0,(anonymous_488)
FNDA:0,(anonymous_489)
FNDA:0,(anonymous_490)
FNDA:0,(anonymous_491)
FNDA:0,(anonymous_492)
FNDA:0,(anonymous_493)
FNDA:0,(anonymous_494)
FNDA:0,(anonymous_495)
FNDA:0,(anonymous_496)
FNDA:0,(anonymous_497)
FNDA:0,(anonymous_498)
FNDA:27,(anonymous_499)
FNDA:0,(anonymous_500)
FNDA:0,(anonymous_501)
FNDA:0,(anonymous_502)
FNDA:0,(anonymous_503)
FNDA:0,(anonymous_504)
FNDA:0,(anonymous_505)
FNDA:0,(anonymous_506)
FNDA:0,(anonymous_507)
FNDA:6,(anonymous_508)
FNDA:0,(anonymous_509)
FNDA:40,(anonymous_510)
FNDA:40,(anonymous_511)
FNDA:570,(anonymous_512)
FNDA:114,(anonymous_513)
FNDA:16,(anonymous_514)
FNDA:192,(anonymous_515)
FNDA:40,(anonymous_516)
FNDA:658,(anonymous_517)
FNDA:0,(anonymous_518)
FNDA:0,(anonymous_519)
FNDA:0,(anonymous_520)
FNDA:0,(anonymous_521)
FNDA:58,(anonymous_522)
FNDA:99,(anonymous_523)
FNDA:0,(anonymous_524)
FNDA:10,(anonymous_525)
FNDA:33,(anonymous_526)
FNDA:40,(anonymous_527)
FNDA:0,(anonymous_528)
FNDA:40,(anonymous_529)
FNDA:0,(anonymous_530)
FNDA:64,(anonymous_531)
FNDA:0,(anonymous_532)
FNDA:20,(anonymous_533)
FNDA:1196,(anonymous_534)
FNDA:1148,(anonymous_535)
FNDA:30,(anonymous_536)
FNDA:0,(anonymous_537)
FNDA:0,(anonymous_538)
FNDA:0,(anonymous_539)
FNDA:0,(anonymous_540)
FNDA:8,(anonymous_541)
FNDA:33,(anonymous_542)
FNDA:40,(anonymous_543)
FNDA:3,(anonymous_544)
FNDA:38,(anonymous_545)
FNDA:2,(anonymous_546)
FNDA:6,(anonymous_547)
FNDA:6,(anonymous_548)
FNDA:58,(anonymous_549)
FNDA:58,(anonymous_550)
FNDA:0,(anonymous_551)
FNDA:58,(anonymous_552)
FNDA:58,(anonymous_553)
FNDA:58,(anonymous_554)
FNDA:64,(anonymous_555)
FNDA:64,(anonymous_556)
FNDA:64,(anonymous_557)
FNDA:64,(anonymous_558)
FNDA:64,(anonymous_559)
FNDA:0,(anonymous_560)
FNDA:0,(anonymous_561)
FNDA:0,(anonymous_562)
FNDA:0,(anonymous_563)
FNDA:0,(anonymous_564)
FNDA:0,(anonymous_565)
FNDA:0,(anonymous_566)
FNDA:12,(anonymous_567)
FNDA:0,(anonymous_568)
FNDA:0,(anonymous_569)
FNDA:0,(anonymous_570)
FNDA:8,(anonymous_571)
FNDA:30,(anonymous_572)
FNDA:0,setter
FNDA:0,(anonymous_574)
FNDA:0,(anonymous_575)
FNDA:0,cspSafeGetterFn
FNDA:0,cspSafeGetter
FNDA:0,cspSafePromiseEnabledGetter
FNDA:0,(anonymous_579)
FNDA:0,(anonymous_580)
FNDA:0,(anonymous_581)
FNDA:0,(anonymous_582)
FNDA:0,(anonymous_583)
FNDA:38,simpleGetterFn1
FNDA:87,simpleGetterFn1
FNDA:4,simpleGetterFn2
FNDA:12,simpleGetterFn2
FNDA:58,getterFn
FNDA:0,(anonymous_589)
FNDA:0,(anonymous_590)
FNDA:0,(anonymous_591)
FNDA:2,$ParseProvider
FNDA:0,(anonymous_593)
FNDA:0,(anonymous_594)
FNDA:2,(anonymous_595)
FNDA:0,promiseWarningFn
FNDA:217,(anonymous_597)
FNDA:2,$QProvider
FNDA:2,(anonymous_599)
FNDA:81,(anonymous_600)
FNDA:2,qFactory
FNDA:109,(anonymous_602)
FNDA:109,(anonymous_603)
FNDA:27,(anonymous_604)
FNDA:0,(anonymous_605)
FNDA:0,(anonymous_606)
FNDA:0,(anonymous_607)
FNDA:45,(anonymous_608)
FNDA:45,(anonymous_609)
FNDA:0,(anonymous_610)
FNDA:0,(anonymous_611)
FNDA:0,(anonymous_612)
FNDA:0,(anonymous_613)
FNDA:0,makePromise
FNDA:0,handleCallback
FNDA:0,(anonymous_616)
FNDA:0,(anonymous_617)
FNDA:0,(anonymous_618)
FNDA:0,(anonymous_619)
FNDA:130,(anonymous_620)
FNDA:45,(anonymous_621)
FNDA:45,(anonymous_622)
FNDA:0,(anonymous_623)
FNDA:0,(anonymous_624)
FNDA:0,(anonymous_625)
FNDA:0,(anonymous_626)
FNDA:9,(anonymous_627)
FNDA:9,(anonymous_628)
FNDA:0,(anonymous_629)
FNDA:0,(anonymous_630)
FNDA:9,(anonymous_631)
FNDA:9,(anonymous_632)
FNDA:0,(anonymous_633)
FNDA:0,(anonymous_634)
FNDA:9,defaultCallback
FNDA:0,defaultErrback
FNDA:6,all
FNDA:3,(anonymous_638)
FNDA:3,(anonymous_639)
FNDA:0,(anonymous_640)
FNDA:2,$$RAFProvider
FNDA:2,(anonymous_642)
FNDA:4,(anonymous_643)
FNDA:0,(anonymous_644)
FNDA:2,$RootScopeProvider
FNDA:0,(anonymous_646)
FNDA:2,(anonymous_647)
FNDA:2,Scope
FNDA:6,(anonymous_649)
FNDA:6,(anonymous_650)
FNDA:46,(anonymous_651)
FNDA:11,(anonymous_652)
FNDA:0,(anonymous_653)
FNDA:0,(anonymous_654)
FNDA:3,(anonymous_655)
FNDA:6,$watchCollectionWatch
FNDA:3,$watchCollectionAction
FNDA:3,(anonymous_658)
FNDA:1,(anonymous_659)
FNDA:121,(anonymous_660)
FNDA:98,(anonymous_661)
FNDA:1,(anonymous_662)
FNDA:0,(anonymous_663)
FNDA:2,(anonymous_664)
FNDA:16,(anonymous_665)
FNDA:0,(anonymous_666)
FNDA:3,(anonymous_667)
FNDA:0,(anonymous_668)
FNDA:0,(anonymous_669)
FNDA:25,(anonymous_670)
FNDA:0,(anonymous_671)
FNDA:5,beginPhase
FNDA:5,clearPhase
FNDA:54,compileToFn
FNDA:2,decrementListenerCount
FNDA:0,initWatchVal
FNDA:2,$$SanitizeUriProvider
FNDA:0,(anonymous_678)
FNDA:0,(anonymous_679)
FNDA:2,(anonymous_680)
FNDA:0,sanitizeUri
FNDA:0,escapeForRegexp
FNDA:0,adjustMatcher
FNDA:0,adjustMatchers
FNDA:0,(anonymous_685)
FNDA:2,$SceDelegateProvider
FNDA:0,(anonymous_687)
FNDA:0,(anonymous_688)
FNDA:2,(anonymous_689)
FNDA:0,htmlSanitizer
FNDA:3,matchUrl
FNDA:3,isResourceUrlAllowedByPolicy
FNDA:12,generateHolderType
FNDA:10,TrustedValueHolderType
FNDA:0,(anonymous_695)
FNDA:0,sceValueOf
FNDA:0,sceToString
FNDA:0,trustAs
FNDA:12,valueOf
FNDA:3,getTrusted
FNDA:2,$SceProvider
FNDA:0,(anonymous_702)
FNDA:2,(anonymous_703)
FNDA:0,(anonymous_704)
FNDA:0,(anonymous_705)
FNDA:0,sceParseAs
FNDA:0,sceParseAsTrusted
FNDA:10,(anonymous_708)
FNDA:0,(anonymous_709)
FNDA:3,(anonymous_710)
FNDA:0,(anonymous_711)
FNDA:2,$SnifferProvider
FNDA:2,(anonymous_713)
FNDA:3,(anonymous_714)
FNDA:2,$TimeoutProvider
FNDA:2,(anonymous_716)
FNDA:1,timeout
FNDA:1,(anonymous_718)
FNDA:0,(anonymous_719)
FNDA:13,urlResolve
FNDA:6,urlIsSameOrigin
FNDA:2,$WindowProvider
FNDA:2,$FilterProvider
FNDA:18,register
FNDA:0,(anonymous_725)
FNDA:2,(anonymous_726)
FNDA:8,(anonymous_727)
FNDA:2,filterFilter
FNDA:12,(anonymous_729)
FNDA:0,(anonymous_730)
FNDA:0,(anonymous_731)
FNDA:0,(anonymous_732)
FNDA:0,(anonymous_733)
FNDA:6,(anonymous_734)
FNDA:0,(anonymous_735)
FNDA:0,currencyFilter
FNDA:0,(anonymous_737)
FNDA:0,numberFilter
FNDA:0,(anonymous_739)
FNDA:0,formatNumber
FNDA:0,padNumber
FNDA:32,dateGetter
FNDA:0,(anonymous_743)
FNDA:8,dateStrGetter
FNDA:0,(anonymous_745)
FNDA:0,timeZoneGetter
FNDA:0,ampmGetter
FNDA:0,dateFilter
FNDA:0,jsonStringToDate
FNDA:0,(anonymous_750)
FNDA:0,(anonymous_751)
FNDA:0,jsonFilter
FNDA:0,(anonymous_753)
FNDA:0,limitToFilter
FNDA:0,(anonymous_755)
FNDA:0,orderByFilter
FNDA:0,(anonymous_757)
FNDA:0,(anonymous_758)
FNDA:0,(anonymous_759)
FNDA:0,comparator
FNDA:0,reverseComparator
FNDA:0,(anonymous_762)
FNDA:0,compare
FNDA:16,ngDirective
FNDA:24,(anonymous_765)
FNDA:0,(anonymous_766)
FNDA:0,(anonymous_767)
FNDA:14,(anonymous_768)
FNDA:0,(anonymous_769)
FNDA:0,(anonymous_770)
FNDA:0,ngBooleanAttrWatchAction
FNDA:6,(anonymous_772)
FNDA:0,(anonymous_773)
FNDA:0,(anonymous_774)
FNDA:0,(anonymous_775)
FNDA:3,FormController
FNDA:3,toggleValidCss
FNDA:3,(anonymous_778)
FNDA:1,(anonymous_779)
FNDA:0,(anonymous_780)
FNDA:0,(anonymous_781)
FNDA:0,(anonymous_782)
FNDA:0,(anonymous_783)
FNDA:0,(anonymous_784)
FNDA:4,(anonymous_785)
FNDA:2,(anonymous_786)
FNDA:6,(anonymous_787)
FNDA:3,(anonymous_788)
FNDA:0,(anonymous_789)
FNDA:1,(anonymous_790)
FNDA:1,(anonymous_791)
FNDA:0,(anonymous_792)
FNDA:0,validate
FNDA:0,addNativeHtml5Validators
FNDA:0,(anonymous_795)
FNDA:3,textInputType
FNDA:0,(anonymous_797)
FNDA:0,(anonymous_798)
FNDA:0,(anonymous_799)
FNDA:0,(anonymous_800)
FNDA:0,(anonymous_801)
FNDA:0,(anonymous_802)
FNDA:0,(anonymous_803)
FNDA:3,(anonymous_804)
FNDA:0,(anonymous_805)
FNDA:0,(anonymous_806)
FNDA:0,(anonymous_807)
FNDA:0,(anonymous_808)
FNDA:0,(anonymous_809)
FNDA:0,numberInputType
FNDA:0,(anonymous_811)
FNDA:0,(anonymous_812)
FNDA:0,(anonymous_813)
FNDA:0,(anonymous_814)
FNDA:0,(anonymous_815)
FNDA:0,urlInputType
FNDA:0,(anonymous_817)
FNDA:0,emailInputType
FNDA:0,(anonymous_819)
FNDA:0,radioInputType
FNDA:0,(anonymous_821)
FNDA:0,(anonymous_822)
FNDA:0,(anonymous_823)
FNDA:3,checkboxInputType
FNDA:0,(anonymous_825)
FNDA:0,(anonymous_826)
FNDA:3,(anonymous_827)
FNDA:0,(anonymous_828)
FNDA:3,(anonymous_829)
FNDA:0,(anonymous_830)
FNDA:2,(anonymous_831)
FNDA:6,(anonymous_832)
FNDA:6,(anonymous_833)
FNDA:3,(anonymous_834)
FNDA:6,toggleValidCss
FNDA:0,(anonymous_836)
FNDA:0,(anonymous_837)
FNDA:0,(anonymous_838)
FNDA:0,(anonymous_839)
FNDA:0,(anonymous_840)
FNDA:12,ngModelWatch
FNDA:2,(anonymous_842)
FNDA:6,(anonymous_843)
FNDA:2,(anonymous_844)
FNDA:0,(anonymous_845)
FNDA:0,(anonymous_846)
FNDA:0,(anonymous_847)
FNDA:0,(anonymous_848)
FNDA:0,(anonymous_849)
FNDA:0,(anonymous_850)
FNDA:0,(anonymous_851)
FNDA:0,(anonymous_852)
FNDA:0,(anonymous_853)
FNDA:0,(anonymous_854)
FNDA:0,(anonymous_855)
FNDA:0,(anonymous_856)
FNDA:0,(anonymous_857)
FNDA:0,(anonymous_858)
FNDA:0,ngValueConstantLink
FNDA:0,ngValueLink
FNDA:0,valueWatchAction
FNDA:0,(anonymous_862)
FNDA:0,ngBindWatchAction
FNDA:0,(anonymous_864)
FNDA:0,(anonymous_865)
FNDA:0,(anonymous_866)
FNDA:0,(anonymous_867)
FNDA:0,(anonymous_868)
FNDA:0,getStringValue
FNDA:0,ngBindHtmlWatchAction
FNDA:6,classDirective
FNDA:2,(anonymous_872)
FNDA:9,(anonymous_873)
FNDA:9,(anonymous_874)
FNDA:0,(anonymous_875)
FNDA:18,ngClassWatchAction
FNDA:18,flattenClasses
FNDA:18,(anonymous_878)
FNDA:6,(anonymous_879)
FNDA:2,(anonymous_880)
FNDA:36,(anonymous_881)
FNDA:8,(anonymous_882)
FNDA:21,(anonymous_883)
FNDA:9,(anonymous_884)
FNDA:0,(anonymous_885)
FNDA:0,(anonymous_886)
FNDA:0,(anonymous_887)
FNDA:0,(anonymous_888)
FNDA:0,ngIfWatchAction
FNDA:0,(anonymous_890)
FNDA:0,(anonymous_891)
FNDA:0,(anonymous_892)
FNDA:0,(anonymous_893)
FNDA:0,(anonymous_894)
FNDA:0,(anonymous_895)
FNDA:0,(anonymous_896)
FNDA:0,ngIncludeWatchAction
FNDA:0,(anonymous_898)
FNDA:0,(anonymous_899)
FNDA:0,(anonymous_900)
FNDA:0,(anonymous_901)
FNDA:0,(anonymous_902)
FNDA:0,(anonymous_903)
FNDA:0,(anonymous_904)
FNDA:0,(anonymous_905)
FNDA:2,(anonymous_906)
FNDA:3,(anonymous_907)
FNDA:12,(anonymous_908)
FNDA:6,(anonymous_909)
FNDA:6,ngPluralizeWatch
FNDA:3,ngPluralizeWatchAction
FNDA:2,(anonymous_912)
FNDA:3,(anonymous_913)
FNDA:0,(anonymous_914)
FNDA:0,(anonymous_915)
FNDA:0,(anonymous_916)
FNDA:3,ngRepeatAction
FNDA:0,(anonymous_918)
FNDA:0,(anonymous_919)
FNDA:0,(anonymous_920)
FNDA:0,getBlockStart
FNDA:0,getBlockEnd
FNDA:2,(anonymous_923)
FNDA:9,(anonymous_924)
FNDA:9,ngShowWatchAction
FNDA:0,(anonymous_926)
FNDA:0,(anonymous_927)
FNDA:0,ngHideWatchAction
FNDA:0,(anonymous_929)
FNDA:0,ngStyleWatchAction
FNDA:0,(anonymous_931)
FNDA:0,(anonymous_932)
FNDA:0,ngSwitchController
FNDA:0,(anonymous_934)
FNDA:0,ngSwitchWatchAction
FNDA:0,(anonymous_936)
FNDA:0,(anonymous_937)
FNDA:0,(anonymous_938)
FNDA:0,(anonymous_939)
FNDA:0,(anonymous_940)
FNDA:0,(anonymous_941)
FNDA:0,(anonymous_942)
FNDA:2,(anonymous_943)
FNDA:18,(anonymous_944)
FNDA:0,(anonymous_945)
FNDA:0,(anonymous_946)
FNDA:0,(anonymous_947)
FNDA:0,(anonymous_948)
FNDA:0,(anonymous_949)
FNDA:0,(anonymous_950)
FNDA:0,(anonymous_951)
FNDA:0,(anonymous_952)
FNDA:0,(anonymous_953)
FNDA:0,(anonymous_954)
FNDA:0,setupAsSingle
FNDA:0,(anonymous_956)
FNDA:0,(anonymous_957)
FNDA:0,(anonymous_958)
FNDA:0,setupAsMultiple
FNDA:0,(anonymous_960)
FNDA:0,(anonymous_961)
FNDA:0,selectMultipleWatch
FNDA:0,(anonymous_963)
FNDA:0,(anonymous_964)
FNDA:0,(anonymous_965)
FNDA:0,setupAsOptions
FNDA:0,(anonymous_967)
FNDA:0,(anonymous_968)
FNDA:0,render
FNDA:0,(anonymous_970)
FNDA:0,(anonymous_971)
FNDA:0,(anonymous_972)
FNDA:0,interpolateWatchAction
FNDA:0,(anonymous_974)
FNDA:2,(anonymous_975)
DA:6,2
DA:36,2
DA:37,28
DA:38,2
DA:43,2
DA:44,0
DA:45,2
DA:46,0
DA:47,2
DA:48,0
DA:50,2
DA:54,2
DA:55,2
DA:57,2
DA:58,2
DA:59,2
DA:60,0
DA:61,2
DA:62,0
DA:63,2
DA:64,0
DA:66,2
DA:68,0
DA:71,2
DA:73,2
DA:74,2
DA:78,2
DA:194,57
DA:195,2
DA:207,17
DA:210,2
DA:212,0
DA:213,0
DA:216,2
DA:218,0
DA:219,0
DA:227,2
DA:228,0
DA:229,0
DA:233,2
DA:254,2
DA:255,2
DA:256,2
DA:266,2
DA:267,500
DA:268,0
DA:271,500
DA:273,500
DA:274,0
DA:277,500
DA:310,2
DA:311,720
DA:312,720
DA:313,693
DA:314,0
DA:317,0
DA:318,0
DA:321,693
DA:322,202
DA:323,491
DA:324,209
DA:325,370
DA:327,282
DA:328,625
DA:329,607
DA:334,720
DA:337,2
DA:338,0
DA:339,0
DA:340,0
DA:341,0
DA:344,0
DA:347,2
DA:348,0
DA:349,0
DA:350,0
DA:352,0
DA:361,2
DA:362,182
DA:373,2
DA:374,10
DA:375,10
DA:377,10
DA:378,10
DA:379,10
DA:380,10
DA:381,0
DA:382,0
DA:384,10
DA:385,0
DA:387,10
DA:388,10
DA:391,0
DA:392,0
DA:401,2
DA:402,170
DA:403,0
DA:406,170
DA:424,2
DA:425,129
DA:426,129
DA:427,280
DA:428,151
DA:429,225
DA:434,129
DA:435,129
DA:438,2
DA:439,8
DA:443,2
DA:444,0
DA:463,2
DA:464,2
DA:483,2
DA:484,2
DA:487,78
DA:501,284
DA:516,1067
DA:532,615
DA:547,3776
DA:562,2
DA:577,2
DA:578,78
DA:594,2
DA:595,1091
DA:611,1557
DA:621,2
DA:622,78
DA:633,2
DA:634,707
DA:638,2
DA:639,179
DA:643,2
DA:644,0
DA:648,2
DA:649,0
DA:653,2
DA:657,2
DA:658,0
DA:659,0
DA:662,2
DA:663,332
DA:680,2
DA:681,0
DA:690,2
DA:691,0
DA:692,0
DA:693,0
DA:694,0
DA:698,2
DA:699,0
DA:700,0
DA:701,0
DA:705,2
DA:706,144
DA:711,2
DA:712,0
DA:713,0
DA:714,0
DA:716,0
DA:732,2
DA:733,0
DA:735,0
DA:736,0
DA:737,0
DA:738,0
DA:739,0
DA:740,0
DA:743,0
DA:747,2
DA:748,0
DA:751,2
DA:752,4
DA:754,0
DA:755,0
DA:757,0
DA:760,2
DA:761,1
DA:762,1
DA:763,1
DA:764,1
DA:767,2
DA:768,0
DA:769,0
DA:773,0
DA:776,0
DA:836,2
DA:837,131
DA:838,0
DA:842,131
DA:843,84
DA:844,84
DA:845,66
DA:846,6
DA:847,60
DA:848,0
DA:849,60
DA:850,0
DA:851,60
DA:852,35
DA:856,47
DA:858,47
DA:859,6
DA:860,6
DA:861,0
DA:864,41
DA:865,41
DA:866,0
DA:868,41
DA:869,43
DA:871,41
DA:874,131
DA:880,2
DA:881,37
DA:883,37
DA:886,277
DA:887,67
DA:891,37
DA:924,2
DA:925,57
DA:926,39
DA:927,39
DA:928,39
DA:929,39
DA:930,24
DA:931,24
DA:932,6
DA:933,6
DA:934,6
DA:935,0
DA:937,6
DA:939,18
DA:940,0
DA:941,18
DA:942,0
DA:944,18
DA:945,18
DA:946,18
DA:947,18
DA:948,18
DA:949,18
DA:951,18
DA:952,18
DA:955,0
DA:957,18
DA:961,15
DA:965,2
DA:966,4
DA:972,2
DA:973,28
DA:976,2
DA:977,8
DA:1000,2
DA:1001,1
DA:1002,1
DA:1003,1
DA:1005,2
DA:1010,0
DA:1016,0
DA:1021,2
DA:1022,12
DA:1024,12
DA:1025,0
DA:1026,12
DA:1027,0
DA:1028,12
DA:1029,0
DA:1030,12
DA:1031,0
DA:1034,12
DA:1052,2
DA:1053,12
DA:1054,12
DA:1070,2
DA:1071,0
DA:1077,2
DA:1078,9
DA:1079,0
DA:1080,9
DA:1081,0
DA:1082,0
DA:1084,9
DA:1086,9
DA:1092,2
DA:1093,0
DA:1094,0
DA:1097,0
DA:1100,0
DA:1101,0
DA:1102,0
DA:1103,0
DA:1106,0
DA:1108,0
DA:1124,2
DA:1125,0
DA:1126,0
DA:1137,2
DA:1138,3
DA:1139,3
DA:1140,3
DA:1141,0
DA:1142,0
DA:1143,0
DA:1144,0
DA:1145,0
DA:1146,0
DA:1147,0
DA:1148,0
DA:1150,0
DA:1155,3
DA:1158,2
DA:1159,9
DA:1160,9
DA:1161,0
DA:1162,0
DA:1163,0
DA:1167,0
DA:1171,9
DA:1186,2
DA:1187,15
DA:1205,2
DA:1206,15
DA:1261,2
DA:1262,2
DA:1268,2
DA:1269,10
DA:1272,2
DA:1273,8
DA:1274,8
DA:1275,8
DA:1276,8
DA:1277,8
DA:1278,8
DA:1279,8
DA:1283,2
DA:1284,4
DA:1285,4
DA:1286,4
DA:1287,4
DA:1288,0
DA:1289,0
DA:1291,4
DA:1292,2
DA:1293,2
DA:1294,2
DA:1300,2
DA:1301,2
DA:1324,2
DA:1325,2
DA:1326,2
DA:1328,2
DA:1329,0
DA:1330,0
DA:1333,2
DA:1334,2
DA:1335,2
DA:1337,2
DA:1338,2
DA:1339,2
DA:1341,2
DA:1342,2
DA:1343,2
DA:1347,2
DA:1350,2
DA:1352,2
DA:1353,2
DA:1356,0
DA:1357,0
DA:1358,0
DA:1359,0
DA:1361,0
DA:1365,2
DA:1366,2
DA:1367,0
DA:1368,0
DA:1369,0
DA:1373,2
DA:1375,2
DA:1377,2
DA:1378,0
DA:1379,0
DA:1388,0
DA:1389,0
DA:1390,0
DA:1392,2
DA:1394,2
DA:1400,2
DA:1401,326
DA:1402,0
DA:1404,326
DA:1407,2
DA:1408,180
DA:1409,0
DA:1412,180
DA:1414,180
DA:1422,2
DA:1423,365
DA:1424,0
DA:1436,2
DA:1437,0
DA:1438,0
DA:1439,0
DA:1440,0
DA:1441,0
DA:1443,0
DA:1444,0
DA:1445,0
DA:1446,0
DA:1449,0
DA:1450,0
DA:1452,0
DA:1460,2
DA:1461,0
DA:1463,0
DA:1464,0
DA:1467,0
DA:1468,0
DA:1470,0
DA:1471,0
DA:1472,0
DA:1473,0
DA:1476,0
DA:1488,2
DA:1490,2
DA:1491,2
DA:1493,2
DA:1494,30
DA:1497,2
DA:1500,2
DA:1502,2
DA:1504,2
DA:1557,2
DA:1558,26
DA:1559,26
DA:1560,0
DA:1564,26
DA:1565,26
DA:1566,0
DA:1568,26
DA:1569,10
DA:1570,2
DA:1576,8
DA:1579,8
DA:1581,8
DA:1584,8
DA:1761,0
DA:1762,0
DA:1766,8
DA:1767,2
DA:1770,8
DA:1778,2
DA:1779,80
DA:1780,22
DA:1781,22
DA:1882,2
DA:1891,2
DA:1892,2
DA:1922,2
DA:1923,2
DA:1924,2
DA:1926,2
DA:1929,2
DA:1932,2
DA:1935,2
DA:1980,2
DA:2109,2
DA:2113,37
DA:2114,0
DA:2116,9
DA:2117,0
DA:2122,2
DA:2124,0
DA:2127,30
DA:2130,2
DA:2131,2
DA:2132,2
DA:2139,2
DA:2140,626
DA:2142,293
DA:2155,2
DA:2156,0
DA:2157,0
DA:2158,0
DA:2159,0
DA:2161,2
DA:2163,0
DA:2168,0
DA:2169,0
DA:2170,0
DA:2171,0
DA:2172,0
DA:2173,0
DA:2174,0
DA:2176,0
DA:2178,0
DA:2181,0
DA:2186,0
DA:2191,2
DA:2192,1245
DA:2193,5
DA:2195,1240
DA:2196,2
DA:2198,1240
DA:2199,619
DA:2200,0
DA:2202,619
DA:2205,621
DA:2206,2
DA:2209,2
DA:2210,2
DA:2211,2
DA:2212,2
DA:2213,2
DA:2215,619
DA:2219,2
DA:2220,3
DA:2223,2
DA:2224,240
DA:2225,240
DA:2226,181
DA:2230,2
DA:2231,4
DA:2233,4
DA:2236,4
DA:2238,4
DA:2239,4
DA:2240,8
DA:2241,8
DA:2244,0
DA:2245,0
DA:2246,0
DA:2247,0
DA:2249,0
DA:2255,2
DA:2256,240
DA:2259,240
DA:2260,8
DA:2261,0
DA:2262,0
DA:2265,8
DA:2266,4
DA:2267,4
DA:2269,8
DA:2270,8
DA:2274,2
DA:2275,295
DA:2278,295
DA:2279,62
DA:2280,30
DA:2281,30
DA:2283,62
DA:2285,233
DA:2289,2
DA:2290,151
DA:2295,151
DA:2296,26
DA:2299,151
DA:2300,43
DA:2302,108
DA:2303,108
DA:2305,108
DA:2307,0
DA:2310,0
DA:2315,2
DA:2316,0
DA:2317,0
DA:2321,2
DA:2322,15
DA:2323,15
DA:2324,15
DA:2333,2
DA:2334,61
DA:2335,52
DA:2338,52
DA:2339,52
DA:2340,52
DA:2341,49
DA:2345,52
DA:2349,2
DA:2350,621
DA:2351,607
DA:2354,607
DA:2355,620
DA:2360,2
DA:2361,6
DA:2364,2
DA:2365,26
DA:2369,26
DA:2370,0
DA:2372,26
DA:2374,26
DA:2376,102
DA:2377,102
DA:2379,90
DA:2383,2
DA:2384,0
DA:2385,0
DA:2387,0
DA:2388,0
DA:2395,2
DA:2397,2
DA:2399,2
DA:2400,4
DA:2401,2
DA:2402,2
DA:2406,2
DA:2407,0
DA:2409,2
DA:2412,2
DA:2417,0
DA:2418,0
DA:2419,0
DA:2423,11
DA:2437,2
DA:2438,2
DA:2439,14
DA:2441,2
DA:2442,2
DA:2443,14
DA:2446,2
DA:2448,202
DA:2451,202
DA:2454,2
DA:2460,0
DA:2465,0
DA:2471,8
DA:2475,6
DA:2481,0
DA:2483,0
DA:2484,0
DA:2486,0
DA:2488,0
DA:2490,0
DA:2491,0
DA:2494,0
DA:2496,0
DA:2498,0
DA:2501,0
DA:2506,3
DA:2507,3
DA:2508,0
DA:2509,0
DA:2510,0
DA:2511,0
DA:2513,0
DA:2514,0
DA:2517,0
DA:2522,3
DA:2523,0
DA:2524,3
DA:2527,3
DA:2529,3
DA:2534,3
DA:2535,0
DA:2537,3
DA:2542,2
DA:2543,2
DA:2544,0
DA:2545,0
DA:2547,2
DA:2550,2
DA:2551,2
DA:2553,2
DA:2554,3
DA:2555,3
DA:2556,0
DA:2558,3
DA:2563,3
DA:2564,0
DA:2565,0
DA:2566,0
DA:2567,0
DA:2568,0
DA:2571,0
DA:2573,0
DA:2575,3
DA:2579,3
DA:2580,0
DA:2582,3
DA:2583,57
DA:2585,3
DA:2593,30
DA:2594,199
DA:2599,199
DA:2601,144
DA:2604,0
DA:2605,0
DA:2607,0
DA:2609,0
DA:2610,0
DA:2615,0
DA:2618,144
DA:2620,144
DA:2621,144
DA:2622,140
DA:2623,140
DA:2625,144
DA:2629,55
DA:2630,58
DA:2633,55
DA:2638,2
DA:2639,18
DA:2640,7
DA:2641,1
DA:2642,0
DA:2646,7
DA:2647,1
DA:2648,0
DA:2652,7
DA:2653,1
DA:2656,7
DA:2657,1
DA:2658,1
DA:2659,0
DA:2660,0
DA:2662,1
DA:2665,7
DA:2666,0
DA:2670,7
DA:2672,7
DA:2673,7
DA:2678,7
DA:2680,0
DA:2681,0
DA:2682,0
DA:2685,7
DA:2686,7
DA:2687,7
DA:2690,18
DA:2691,18
DA:2699,2
DA:2705,37
DA:2707,37
DA:2710,37
DA:2711,37
DA:2713,37
DA:2714,37
DA:2716,37
DA:2717,34
DA:2718,0
DA:2721,0
DA:2723,0
DA:2730,0
DA:2731,0
DA:2732,0
DA:2733,0
DA:2737,0
DA:2740,0
DA:2745,0
DA:2747,0
DA:2748,0
DA:2751,0
DA:2752,0
DA:2757,34
DA:2758,34
DA:2760,34
DA:2762,37
DA:2769,0
DA:2774,0
DA:2775,0
DA:2776,0
DA:2778,0
DA:2782,0
DA:2783,0
DA:2784,0
DA:2785,0
DA:2786,0
DA:2788,0
DA:2790,0
DA:2795,3
DA:2796,3
DA:2797,15
DA:2798,6
DA:2800,3
DA:2804,3
DA:2808,2
DA:2809,2
DA:2810,2
DA:2816,2
DA:2817,2
DA:2818,2
DA:2819,2
DA:2825,0
DA:2826,0
DA:2827,0
DA:2828,0
DA:2830,0
DA:2834,2
DA:2835,2
DA:2836,2
DA:2840,3
DA:2841,3
DA:2842,3
DA:2843,3
DA:2851,0
DA:2852,0
DA:2853,0
DA:2854,0
DA:2855,0
DA:2857,0
DA:2863,102
DA:2864,102
DA:2868,0
DA:2869,0
DA:2873,0
DA:2874,0
DA:2875,0
DA:2877,0
DA:2881,4
DA:2882,4
DA:2884,0
DA:2891,0
DA:2893,0
DA:2895,0
DA:2900,0
DA:2901,0
DA:2908,42
DA:2909,195
DA:2910,195
DA:2911,207
DA:2912,207
DA:2913,207
DA:2915,115
DA:2918,0
DA:2921,195
DA:2925,42
DA:2926,42
DA:2941,2
DA:2942,22
DA:2945,22
DA:2946,4
DA:2948,0
DA:2949,4
DA:2950,2
DA:2953,18
DA:2956,22
DA:2962,2
DA:2963,2
DA:2965,2
DA:2972,10
DA:2980,12
DA:2988,0
DA:2989,0
DA:2990,0
DA:3055,2
DA:3056,2
DA:3057,2
DA:3058,2
DA:3059,2
DA:3060,2
DA:3061,223
DA:3066,223
DA:3067,103
DA:3068,86
DA:3069,86
DA:3070,6
DA:3071,6
DA:3072,6
DA:3073,12
DA:3074,12
DA:3078,86
DA:3080,120
DA:3081,120
DA:3082,120
DA:3083,120
DA:3085,0
DA:3087,223
DA:3581,2
DA:3582,2
DA:3598,0
DA:3603,100
DA:3604,100
DA:3608,2
DA:3610,2
DA:3616,2
DA:3617,10
DA:3618,166
DA:3619,4
DA:3621,162
DA:3626,2
DA:3627,214
DA:3628,214
DA:3629,60
DA:3631,214
DA:3632,0
DA:3634,214
DA:3637,154
DA:3639,2
DA:3640,0
DA:3641,0
DA:3645,2
DA:3647,2
DA:3648,0
DA:3649,0
DA:3650,0
DA:3653,2
DA:3654,0
DA:3657,0
DA:3658,0
DA:3659,0
DA:3666,2
DA:3667,10
DA:3668,10
DA:3669,12
DA:3670,10
DA:3672,10
DA:3673,10
DA:3674,8
DA:3675,8
DA:3677,8
DA:3678,22
DA:3681,22
DA:3683,2
DA:3684,0
DA:3685,2
DA:3686,2
DA:3688,0
DA:3691,0
DA:3692,0
DA:3694,0
DA:3700,0
DA:3702,0
DA:3706,10
DA:3713,2
DA:3715,2
DA:3716,604
DA:3717,504
DA:3718,0
DA:3720,504
DA:3722,100
DA:3723,100
DA:3724,100
DA:3725,100
DA:3727,0
DA:3728,0
DA:3730,0
DA:3732,100
DA:3737,2
DA:3738,223
DA:3743,223
DA:3744,356
DA:3745,356
DA:3746,0
DA:3749,356
DA:3755,223
DA:3757,120
DA:3762,223
DA:3765,2
DA:3766,75
DA:3771,75
DA:3772,75
DA:3773,75
DA:3775,75
DA:3778,4
DA:3784,2
DA:3839,2
DA:3841,2
DA:3843,2
DA:3844,0
DA:3847,2
DA:3848,2
DA:3854,2
DA:3855,0
DA:3856,0
DA:3857,0
DA:3859,0
DA:3862,2
DA:3863,2
DA:3866,2
DA:3869,0
DA:3872,0
DA:3875,0
DA:3880,2
DA:3881,11
DA:3883,2
DA:3887,2
DA:3891,2
DA:3906,2
DA:3909,2
DA:3943,2
DA:3944,0
DA:3945,0
DA:3947,0
DA:3948,0
DA:3965,2
DA:3966,0
DA:3967,0
DA:3969,0
DA:3972,2
DA:3974,2
DA:3975,34
DA:3995,2
DA:4013,3
DA:4014,3
DA:4016,0
DA:4017,0
DA:4019,0
DA:4021,3
DA:4036,1
DA:4037,1
DA:4061,0
DA:4078,21
DA:4081,21
DA:4082,21
DA:4084,21
DA:4101,9
DA:4104,9
DA:4105,9
DA:4107,9
DA:4125,0
DA:4126,0
DA:4127,0
DA:4129,0
DA:4137,2
DA:4138,2
DA:4139,2
DA:4140,4
DA:4142,0
DA:4169,2
DA:4170,2
DA:4178,2
DA:4180,2
DA:4181,2
DA:4184,2
DA:4185,2
DA:4191,2
DA:4192,2
DA:4193,2
DA:4195,2
DA:4196,2
DA:4197,1
DA:4198,0
DA:4199,0
DA:4201,0
DA:4214,2
DA:4218,6
DA:4220,6
DA:4221,6
DA:4223,0
DA:4230,2
DA:4244,2
DA:4245,0
DA:4246,0
DA:4247,0
DA:4258,2
DA:4259,0
DA:4260,0
DA:4261,0
DA:4269,2
DA:4292,2
DA:4294,24
DA:4295,24
DA:4298,24
DA:4299,7
DA:4300,5
DA:4301,5
DA:4302,5
DA:4304,0
DA:4306,0
DA:4309,0
DA:4310,0
DA:4311,0
DA:4313,0
DA:4316,5
DA:4322,17
DA:4326,2
DA:4329,2
DA:4330,2
DA:4331,2
DA:4333,1
DA:4334,1
DA:4335,1
DA:4361,2
DA:4362,2
DA:4368,2
DA:4370,2
DA:4372,0
DA:4374,2
DA:4377,2
DA:4378,2
DA:4394,2
DA:4395,4
DA:4396,4
DA:4402,2
DA:4403,2
DA:4404,2
DA:4426,2
DA:4428,3
DA:4430,3
DA:4431,0
DA:4432,0
DA:4435,0
DA:4436,0
DA:4443,0
DA:4444,0
DA:4451,3
DA:4452,0
DA:4453,0
DA:4454,0
DA:4456,0
DA:4457,0
DA:4458,0
DA:4459,0
DA:4460,0
DA:4464,0
DA:4465,0
DA:4470,3
DA:4489,2
DA:4490,2
DA:4491,2
DA:4492,2
DA:4493,2
DA:4494,2
DA:4496,2
DA:4497,2
DA:4511,2
DA:4512,0
DA:4513,0
DA:4514,0
DA:4515,0
DA:4516,0
DA:4518,0
DA:4523,2
DA:4524,2
DA:4526,2
DA:4568,2
DA:4570,2
DA:4571,2
DA:4573,2
DA:4574,4
DA:4575,0
DA:4578,4
DA:4586,4
DA:4589,2
DA:4590,0
DA:4592,0
DA:4595,2
DA:4596,2
DA:4597,2
DA:4599,2
DA:4600,0
DA:4603,2
DA:4608,3
DA:4609,0
DA:4611,0
DA:4613,0
DA:4616,3
DA:4621,0
DA:4622,0
DA:4624,0
DA:4626,0
DA:4627,0
DA:4628,0
DA:4630,0
DA:4633,0
DA:4634,0
DA:4639,0
DA:4640,0
DA:4641,0
DA:4642,0
DA:4647,0
DA:4648,0
DA:4649,0
DA:4650,0
DA:4655,0
DA:4663,2
DA:4664,0
DA:4665,0
DA:4666,0
DA:4667,0
DA:4668,0
DA:4671,0
DA:4672,0
DA:4673,0
DA:4674,0
DA:4682,2
DA:4683,0
DA:4684,0
DA:4685,0
DA:4700,2
DA:4701,0
DA:4702,0
DA:4703,0
DA:4705,0
DA:4719,2
DA:4720,0
DA:4724,2
DA:4774,2
DA:4775,2
DA:4776,2
DA:5268,2
DA:5277,2
DA:5278,2
DA:5279,2
DA:5288,2
DA:5305,2
DA:5306,146
DA:5307,146
DA:5308,138
DA:5309,138
DA:5310,132
DA:5311,132
DA:5313,36
DA:5314,36
DA:5315,38
DA:5316,38
DA:5317,38
DA:5318,6
DA:5319,32
DA:5320,14
DA:5322,38
DA:5323,38
DA:5324,38
DA:5325,38
DA:5326,38
DA:5327,38
DA:5329,0
DA:5332,36
DA:5335,138
DA:5337,8
DA:5339,146
DA:5363,2
DA:5364,0
DA:5365,0
DA:5366,0
DA:5368,0
DA:5393,2
DA:5394,0
DA:5395,0
DA:5396,0
DA:5398,0
DA:5402,2
DA:5408,2
DA:5409,391
DA:5410,391
DA:5413,2
DA:5429,9
DA:5430,3
DA:5446,0
DA:5447,0
DA:5464,0
DA:5465,0
DA:5467,0
DA:5468,0
DA:5469,0
DA:5470,0
DA:5472,0
DA:5490,6
DA:5494,6
DA:5495,0
DA:5496,0
DA:5499,6
DA:5502,6
DA:5503,0
DA:5505,6
DA:5506,6
DA:5507,0
DA:5511,6
DA:5514,6
DA:5516,0
DA:5519,6
DA:5520,6
DA:5521,6
DA:5523,0
DA:5528,6
DA:5529,6
DA:5530,0
DA:5531,0
DA:5533,0
DA:5558,9
DA:5562,9
DA:5563,9
DA:5564,9
DA:5566,9
DA:5569,9
DA:5573,2
DA:5578,0
DA:5583,2
DA:5587,2
DA:5589,10
DA:5592,0
DA:5596,10
DA:5597,22
DA:5598,0
DA:5601,10
DA:5604,10
DA:5605,10
DA:5606,8
DA:5609,8
DA:5613,8
DA:5614,0
DA:5618,8
DA:5619,20
DA:5621,20
DA:5622,11
DA:5626,8
DA:5627,8
DA:5628,8
DA:5632,2
DA:5633,19
DA:5634,19
DA:5656,2
DA:5658,107
DA:5661,107
DA:5662,361
DA:5665,361
DA:5668,361
DA:5673,361
DA:5674,3
DA:5677,361
DA:5684,361
DA:5685,361
DA:5687,361
DA:5691,107
DA:5693,2
DA:5694,61
DA:5697,61
DA:5699,61
DA:5700,297
DA:5703,61
DA:5704,297
DA:5705,297
DA:5706,297
DA:5707,297
DA:5709,297
DA:5710,89
DA:5711,3
DA:5712,3
DA:5714,86
DA:5716,89
DA:5717,89
DA:5718,5
DA:5722,84
DA:5724,208
DA:5725,35
DA:5731,2
DA:5732,5
DA:5733,3
DA:5735,3
DA:5736,0
DA:5737,0
DA:5738,0
DA:5741,3
DA:5742,3
DA:5743,0
DA:5745,3
DA:5759,2
DA:5760,361
DA:5765,361
DA:5768,138
DA:5772,138
DA:5774,196
DA:5775,196
DA:5777,196
DA:5778,196
DA:5779,196
DA:5781,196
DA:5782,196
DA:5783,0
DA:5786,196
DA:5787,196
DA:5788,0
DA:5789,0
DA:5790,0
DA:5793,196
DA:5794,196
DA:5795,196
DA:5796,196
DA:5797,0
DA:5799,196
DA:5800,196
DA:5806,138
DA:5807,138
DA:5808,12
DA:5809,12
DA:5810,12
DA:5811,0
DA:5813,12
DA:5816,138
DA:5818,223
DA:5819,223
DA:5821,0
DA:5822,0
DA:5823,0
DA:5824,0
DA:5825,0
DA:5826,0
DA:5834,0
DA:5837,361
DA:5838,361
DA:5849,2
DA:5850,5
DA:5851,5
DA:5852,5
DA:5853,0
DA:5854,0
DA:5855,0
DA:5856,0
DA:5860,0
DA:5861,0
DA:5862,0
DA:5864,0
DA:5865,0
DA:5868,5
DA:5871,5
DA:5882,2
DA:5883,0
DA:5884,0
DA:5885,0
DA:5912,2
DA:5915,100
DA:5917,100
DA:5935,100
DA:5936,153
DA:5937,153
DA:5938,153
DA:5941,153
DA:5942,0
DA:5944,153
DA:5946,153
DA:5947,5
DA:5950,148
DA:5951,3
DA:5955,3
DA:5956,3
DA:5958,3
DA:5959,0
DA:5964,148
DA:5966,148
DA:5967,21
DA:5968,21
DA:5969,21
DA:5971,21
DA:5974,148
DA:5975,5
DA:5980,5
DA:5981,2
DA:5982,2
DA:5985,5
DA:5986,5
DA:5987,5
DA:5988,5
DA:5989,5
DA:5992,5
DA:5993,5
DA:5995,5
DA:6007,0
DA:6008,0
DA:6009,0
DA:6013,148
DA:6014,0
DA:6015,0
DA:6017,0
DA:6021,0
DA:6023,0
DA:6024,0
DA:6025,0
DA:6026,0
DA:6028,0
DA:6029,0
DA:6034,0
DA:6036,0
DA:6043,0
DA:6044,0
DA:6046,0
DA:6047,0
DA:6049,0
DA:6050,0
DA:6052,0
DA:6054,0
DA:6058,148
DA:6059,0
DA:6060,0
DA:6062,0
DA:6063,0
DA:6066,0
DA:6073,0
DA:6074,148
DA:6075,145
DA:6076,145
DA:6077,145
DA:6078,91
DA:6079,54
DA:6080,6
DA:6083,0
DA:6087,148
DA:6088,23
DA:6089,23
DA:6094,100
DA:6095,100
DA:6096,100
DA:6099,100
DA:6103,2
DA:6104,97
DA:6105,6
DA:6106,6
DA:6107,6
DA:6108,0
DA:6110,6
DA:6112,97
DA:6113,91
DA:6114,91
DA:6115,91
DA:6116,0
DA:6118,91
DA:6123,2
DA:6124,27
DA:6125,27
DA:6126,21
DA:6127,18
DA:6128,18
DA:6129,6
DA:6131,18
DA:6133,21
DA:6135,21
DA:6136,15
DA:6138,21
DA:6140,21
DA:6141,0
DA:6145,21
DA:6146,6
DA:6147,6
DA:6148,6
DA:6149,12
DA:6152,6
DA:6156,2
DA:6157,89
DA:6159,89
DA:6160,59
DA:6162,30
DA:6164,89
DA:6166,89
DA:6167,0
DA:6168,0
DA:6170,0
DA:6172,0
DA:6173,0
DA:6175,0
DA:6180,0
DA:6182,0
DA:6183,0
DA:6190,0
DA:6192,0
DA:6195,0
DA:6196,0
DA:6198,0
DA:6199,0
DA:6202,0
DA:6204,0
DA:6207,0
DA:6208,0
DA:6210,0
DA:6211,0
DA:6212,0
DA:6214,0
DA:6216,0
DA:6218,0
DA:6219,0
DA:6223,0
DA:6224,0
DA:6225,0
DA:6226,0
DA:6228,0
DA:6230,0
DA:6233,0
DA:6236,0
DA:6238,0
DA:6241,0
DA:6242,0
DA:6243,0
DA:6245,0
DA:6248,0
DA:6255,89
DA:6256,89
DA:6257,12
DA:6258,12
DA:6265,12
DA:6266,12
DA:6267,3
DA:6270,12
DA:6276,12
DA:6277,12
DA:6278,12
DA:6281,12
DA:6282,0
DA:6288,89
DA:6289,3
DA:6290,3
DA:6291,3
DA:6294,0
DA:6301,89
DA:6302,89
DA:6303,0
DA:6305,89
DA:6308,89
DA:6309,56
DA:6310,56
DA:6311,56
DA:6314,0
DA:6319,2
DA:6320,3
DA:6323,3
DA:6324,0
DA:6325,0
DA:6328,3
DA:6329,3
DA:6332,3
DA:6337,2
DA:6339,0
DA:6340,0
DA:6358,2
DA:6360,346
DA:6361,346
DA:6362,346
DA:6363,145
DA:6365,149
DA:6366,149
DA:6367,149
DA:6369,144
DA:6370,0
DA:6372,144
DA:6373,144
DA:6375,0
DA:6378,346
DA:6390,2
DA:6391,0
DA:6396,0
DA:6397,0
DA:6398,0
DA:6399,0
DA:6401,0
DA:6406,0
DA:6407,0
DA:6408,0
DA:6409,0
DA:6410,0
DA:6411,0
DA:6412,0
DA:6416,0
DA:6417,0
DA:6418,0
DA:6424,2
DA:6425,0
DA:6426,0
DA:6427,0
DA:6428,0
DA:6429,0
DA:6432,0
DA:6433,0
DA:6435,0
DA:6436,0
DA:6438,0
DA:6440,0
DA:6446,2
DA:6448,0
DA:6461,0
DA:6463,0
DA:6465,0
DA:6467,0
DA:6469,0
DA:6470,0
DA:6471,0
DA:6473,0
DA:6474,0
DA:6479,0
DA:6480,0
DA:6481,0
DA:6483,0
DA:6484,0
DA:6486,0
DA:6487,0
DA:6489,0
DA:6490,0
DA:6493,0
DA:6495,0
DA:6498,0
DA:6499,0
DA:6500,0
DA:6503,0
DA:6506,0
DA:6507,0
DA:6513,0
DA:6514,0
DA:6516,0
DA:6519,0
DA:6522,0
DA:6525,0
DA:6527,0
DA:6528,0
DA:6530,0
DA:6532,0
DA:6535,0
DA:6538,0
DA:6541,0
DA:6542,0
DA:6543,0
DA:6544,0
DA:6545,0
DA:6546,0
DA:6548,0
DA:6557,2
DA:6558,62
DA:6559,62
DA:6560,57
DA:6561,0
DA:6565,2
DA:6566,26
DA:6567,0
DA:6573,2
DA:6574,223
DA:6575,223
DA:6576,9
DA:6579,6
DA:6581,6
DA:6582,6
DA:6583,6
DA:6584,6
DA:6592,2
DA:6593,0
DA:6594,0
DA:6596,0
DA:6598,0
DA:6602,0
DA:6607,2
DA:6608,196
DA:6611,196
DA:6614,0
DA:6615,0
DA:6620,0
DA:6623,0
DA:6625,0
DA:6627,0
DA:6628,0
DA:6635,0
DA:6639,0
DA:6643,0
DA:6644,0
DA:6645,0
DA:6653,0
DA:6654,0
DA:6656,0
DA:6676,2
DA:6677,5
DA:6682,5
DA:6683,0
DA:6684,0
DA:6685,0
DA:6686,0
DA:6689,0
DA:6690,0
DA:6692,0
DA:6695,0
DA:6696,0
DA:6701,5
DA:6702,5
DA:6704,5
DA:6705,5
DA:6706,5
DA:6707,5
DA:6708,0
DA:6709,0
DA:6710,0
DA:6711,0
DA:6714,5
DA:6715,5
DA:6719,2
DA:6720,0
DA:6725,2
DA:6737,2
DA:6738,596
DA:6782,2
DA:6789,2
DA:6797,2
DA:6798,0
DA:6802,0
DA:6803,0
DA:6804,0
DA:6805,0
DA:6806,0
DA:6808,0
DA:6810,0
DA:6823,2
DA:6824,2
DA:6836,2
DA:6837,2
DA:6838,2
DA:6839,0
DA:6841,2
DA:6846,2
DA:6870,2
DA:6871,15
DA:6873,15
DA:6874,6
DA:6877,6
DA:6881,6
DA:6884,15
DA:6886,15
DA:6887,0
DA:6888,0
DA:6893,0
DA:6896,15
DA:6909,2
DA:6910,2
DA:6911,2
DA:6947,2
DA:6948,2
DA:6949,2
DA:6950,0
DA:6961,2
DA:6962,0
DA:6964,0
DA:6966,0
DA:6967,0
DA:6968,0
DA:6969,0
DA:6971,0
DA:6972,0
DA:6973,0
DA:6975,0
DA:6980,0
DA:6996,2
DA:6997,6
DA:6999,6
DA:7000,0
DA:7002,0
DA:7003,0
DA:7006,0
DA:7021,2
DA:7022,6
DA:7023,0
DA:7025,6
DA:7026,6
DA:7029,6
DA:7033,2
DA:7034,6
DA:7038,2
DA:7039,2
DA:7044,2
DA:7047,3
DA:7049,3
DA:7050,3
DA:7051,0
DA:7053,3
DA:7058,3
DA:7079,2
DA:7085,2
DA:7087,2
DA:7090,2
DA:7097,2
DA:7099,2
DA:7100,0
DA:7104,2
DA:7105,0
DA:7114,0
DA:7116,0
DA:7119,0
DA:7617,2
DA:7618,3
DA:7623,3
DA:7625,3
DA:7626,3
DA:7627,3
DA:7629,3
DA:7632,3
DA:7633,0
DA:7637,3
DA:7638,3
DA:7639,3
DA:7642,3
DA:7643,3
DA:7644,3
DA:7645,0
DA:7650,3
DA:7651,0
DA:7655,3
DA:7658,3
DA:7659,3
DA:7662,3
DA:7663,0
DA:7664,0
DA:7666,0
DA:7667,0
DA:7671,3
DA:7672,3
DA:7673,3
DA:7675,3
DA:7678,3
DA:7679,0
DA:7680,0
DA:7682,0
DA:7685,3
DA:7686,0
DA:7687,0
DA:7689,0
DA:7692,3
DA:7694,2
DA:7696,3
DA:7699,3
DA:7704,2
DA:7705,3
DA:7709,3
DA:7712,3
DA:7713,3
DA:7716,3
DA:7717,3
DA:7718,3
DA:7720,3
DA:7721,0
DA:7722,0
DA:7726,3
DA:7729,3
DA:7731,2
DA:7732,6
DA:7734,6
DA:7735,3
DA:7736,0
DA:7737,0
DA:7738,0
DA:7740,0
DA:7748,2
DA:7798,2
DA:7825,2
DA:7838,2
DA:7841,2
DA:7844,2
DA:7845,2
DA:7846,8
DA:7847,3
DA:7856,2
DA:7857,2
DA:7858,4
DA:7859,0
DA:7875,2
DA:7876,3
DA:7882,3
DA:7883,3
DA:7886,3
DA:7887,3
DA:7892,3
DA:7893,3
DA:7894,3
DA:7895,3
DA:7897,0
DA:7898,0
DA:7901,3
DA:7902,0
DA:7904,3
DA:7909,0
DA:7914,3
DA:7915,0
DA:7919,3
DA:7928,2
DA:7929,0
DA:7930,0
DA:7931,0
DA:7934,0
DA:7938,0
DA:7939,0
DA:7946,2
DA:7948,3
DA:7950,3
DA:7959,2
DA:7960,3
DA:7961,3
DA:7966,2
DA:7967,3
DA:7968,0
DA:7969,0
DA:7970,0
DA:7971,0
DA:7973,0
DA:7974,0
DA:7975,0
DA:7977,0
DA:7981,0
DA:7982,0
DA:7984,0
DA:7991,2
DA:7995,0
DA:7997,0
DA:7998,0
DA:7999,0
DA:8002,0
DA:8021,2
DA:8022,2
DA:8023,2
DA:8027,2
DA:8028,2
DA:8031,2
DA:8032,0
DA:8033,0
DA:8034,0
DA:8036,0
DA:8037,0
DA:8038,0
DA:8039,0
DA:8042,0
DA:8044,0
DA:8045,0
DA:8047,0
DA:8049,0
DA:8053,0
DA:8055,0
DA:8056,0
DA:8057,0
DA:8058,0
DA:8065,0
DA:8073,0
DA:8074,0
DA:8077,0
DA:8078,0
DA:8082,0
DA:8085,0
DA:8092,0
DA:8093,0
DA:8096,0
DA:8097,0
DA:8098,0
DA:8107,0
DA:8108,0
DA:8113,0
DA:8116,0
DA:8117,0
DA:8118,0
DA:8119,0
DA:8123,2
DA:8124,0
DA:8125,0
DA:8126,0
DA:8129,2
DA:8131,0
DA:8132,0
DA:8137,0
DA:8140,0
DA:8142,0
DA:8143,0
DA:8147,2
DA:8151,0
DA:8153,0
DA:8154,0
DA:8155,0
DA:8158,0
DA:8159,0
DA:8161,0
DA:8162,0
DA:8163,0
DA:8164,0
DA:8168,0
DA:8169,0
DA:8173,0
DA:8174,0
DA:8178,2
DA:8216,2
DA:8217,2
DA:8218,2
DA:8229,2
DA:8230,0
DA:8231,0
DA:8232,0
DA:8234,0
DA:8247,2
DA:8248,0
DA:8249,0
DA:8250,0
DA:8252,0
DA:8257,2
DA:8258,2
DA:8299,2
DA:8300,425
DA:8310,425
DA:8311,419
DA:8313,9
DA:8314,9
DA:8315,9
DA:8316,9
DA:8317,9
DA:8320,410
DA:8321,410
DA:8325,425
DA:8327,9
DA:8328,9
DA:8337,425
DA:8338,0
DA:8344,425
DA:8345,15
DA:8346,15
DA:8347,18
DA:8348,18
DA:8349,30
DA:8350,12
DA:8351,12
DA:8352,0
DA:8354,12
DA:8356,12
DA:8357,0
DA:8358,12
DA:8359,12
DA:8362,30
DA:8364,18
DA:8367,0
DA:8369,0
DA:8372,15
DA:8373,15
DA:8374,15
DA:8390,2
DA:8391,5
DA:8406,2
DA:8407,5
DA:8410,2
DA:8414,2
DA:8415,2
DA:8417,0
DA:8543,2
DA:8544,0
DA:8551,0
DA:8553,0
DA:8555,0
DA:8556,0
DA:8558,0
DA:8559,0
DA:8560,0
DA:8561,0
DA:8564,0
DA:8568,0
DA:8570,0
DA:8584,0
DA:8585,0
DA:8586,0
DA:8587,0
DA:8588,0
DA:8589,0
DA:8591,0
DA:8594,0
DA:8608,2
DA:8609,2
DA:8610,2
DA:8661,6
DA:8662,0
DA:8664,6
DA:8670,2
DA:8672,2
DA:8681,2
DA:8682,9
DA:8685,9
DA:8686,15
DA:8689,9
DA:8692,2
DA:8693,2
DA:8695,2
DA:8696,2
DA:8697,2
DA:8701,2
DA:8702,3
DA:8703,3
DA:8704,3
DA:8706,3
DA:8707,3
DA:8709,3
DA:8710,3
DA:8713,3
DA:8714,0
DA:8726,2
DA:8727,6
DA:8728,6
DA:8733,2
DA:8734,8
DA:8735,8
DA:8739,2
DA:8740,2
DA:8744,2
DA:8745,0
DA:8757,2
DA:8758,0
DA:8759,0
DA:8760,0
DA:8761,0
DA:8769,0
DA:8770,0
DA:8771,0
DA:8772,0
DA:8776,0
DA:8778,0
DA:8779,0
DA:8782,0
DA:8789,0
DA:8790,0
DA:8793,0
DA:8794,0
DA:8797,0
DA:8798,0
DA:8800,0
DA:8801,0
DA:8802,0
DA:8803,0
DA:8805,0
DA:8807,0
DA:8808,0
DA:8809,0
DA:8810,0
DA:8825,2
DA:8826,2
DA:8828,2
DA:8836,2
DA:8837,3
DA:8838,3
DA:8844,3
DA:8845,0
DA:8848,3
DA:8850,3
DA:8852,3
DA:8865,2
DA:8870,3
DA:8872,3
DA:8875,3
DA:8876,0
DA:8883,3
DA:8884,0
DA:8887,3
DA:8888,3
DA:8896,2
DA:8897,9
DA:8900,9
DA:8901,9
DA:8904,2
DA:8905,2
DA:8906,2
DA:8921,2
DA:8922,0
DA:8923,0
DA:8925,0
DA:8927,0
DA:8928,0
DA:8930,0
DA:8931,0
DA:8932,0
DA:8933,0
DA:8934,0
DA:8935,0
DA:8941,2
DA:8987,0
DA:8988,0
DA:8990,0
DA:8991,0
DA:8992,0
DA:8993,0
DA:8995,0
DA:9055,3
DA:9080,9
DA:9082,6
DA:9084,3
DA:9085,0
DA:9086,3
DA:9087,3
DA:9089,0
DA:9092,3
DA:9094,0
DA:9095,0
DA:9097,0
DA:9101,3
DA:9102,3
DA:9130,3
DA:9131,3
DA:9135,2
DA:9136,8
DA:9137,31
DA:9142,2
DA:9143,4
DA:9144,25
DA:9145,22
DA:9147,3
DA:9148,3
DA:9150,3
DA:9188,2
DA:9189,2
DA:9199,2
DA:9200,0
DA:9201,0
DA:9202,0
DA:9204,0
DA:9215,2
DA:9216,0
DA:9217,0
DA:9218,0
DA:9220,0
DA:9251,2
DA:9253,2
DA:9259,2
DA:9260,0
DA:9261,0
DA:9263,2
DA:9264,2
DA:9266,2
DA:9267,2
DA:9269,2
DA:9273,0
DA:9275,0
DA:9278,0
DA:9280,0
DA:9283,0
DA:9285,0
DA:9288,0
DA:9291,0
DA:9293,0
DA:9294,0
DA:9295,0
DA:9297,0
DA:9298,0
DA:9300,0
DA:9307,2
DA:9308,2
DA:9312,2
DA:9313,1
DA:9314,1
DA:9315,1
DA:9317,1
DA:9318,1
DA:9320,0
DA:9321,0
DA:9323,1
DA:9326,1
DA:9331,2
DA:9332,2
DA:9333,11
DA:9334,11
DA:9336,11
DA:9337,5
DA:9338,5
DA:9339,5
DA:9341,0
DA:9343,5
DA:9344,5
DA:9348,11
DA:9350,11
DA:9353,2
DA:9355,2
DA:9356,6
DA:9403,2
DA:9404,2
DA:9414,2
DA:9415,0
DA:9416,0
DA:9417,0
DA:9419,0
DA:9423,2
DA:9424,2
DA:9469,2
DA:9471,2
DA:9472,0
DA:9473,0
DA:9479,2
DA:9480,0
DA:9481,0
DA:9482,0
DA:9485,0
DA:9486,0
DA:9489,0
DA:9492,2
DA:9493,10
DA:9499,10
DA:9500,10
DA:9503,10
DA:9504,10
DA:9505,0
DA:9506,0
DA:9507,0
DA:9509,0
DA:9515,0
DA:9516,0
DA:9522,2
DA:9523,2
DA:9524,2
DA:9555,2
DA:9556,46
DA:9557,0
DA:9561,46
DA:9564,2
DA:9566,0
DA:9567,0
DA:9568,0
DA:9571,0
DA:9573,0
DA:9576,0
DA:9578,0
DA:9583,0
DA:9586,2
DA:9588,0
DA:9589,0
DA:9590,0
DA:9593,0
DA:9594,0
DA:9595,0
DA:9596,0
DA:9598,0
DA:9600,0
DA:9602,0
DA:9603,0
DA:9605,0
DA:9606,0
DA:9607,0
DA:9608,0
DA:9610,0
DA:9611,0
DA:9612,27
DA:9613,0
DA:9614,0
DA:9615,0
DA:9616,0
DA:9617,0
DA:9618,0
DA:9619,0
DA:9620,0
DA:9622,6
DA:9623,0
DA:9626,2
DA:9635,2
DA:9636,40
DA:9639,2
DA:9643,40
DA:9645,40
DA:9646,40
DA:9647,40
DA:9649,40
DA:9651,40
DA:9652,40
DA:9654,40
DA:9655,162
DA:9656,162
DA:9657,10
DA:9658,152
DA:9659,0
DA:9660,152
DA:9661,58
DA:9663,58
DA:9665,10
DA:9667,94
DA:9668,54
DA:9673,54
DA:9674,54
DA:9675,54
DA:9676,40
DA:9677,32
DA:9678,32
DA:9680,8
DA:9681,8
DA:9682,8
DA:9683,8
DA:9684,8
DA:9685,8
DA:9686,0
DA:9687,0
DA:9688,8
DA:9689,6
DA:9690,6
DA:9691,2
DA:9692,2
DA:9698,2
DA:9700,0
DA:9703,130
DA:9705,40
DA:9709,570
DA:9713,114
DA:9717,16
DA:9718,16
DA:9722,192
DA:9727,40
DA:9732,658
DA:9738,0
DA:9742,0
DA:9743,0
DA:9746,0
DA:9751,0
DA:9752,0
DA:9753,0
DA:9754,0
DA:9755,0
DA:9756,0
DA:9758,0
DA:9759,0
DA:9760,0
DA:9761,0
DA:9764,0
DA:9765,0
DA:9768,0
DA:9770,0
DA:9773,0
DA:9775,0
DA:9776,0
DA:9780,0
DA:9785,58
DA:9787,58
DA:9788,58
DA:9790,58
DA:9792,58
DA:9793,510
DA:9794,510
DA:9795,470
DA:9796,470
DA:9798,40
DA:9800,470
DA:9804,58
DA:9805,4
DA:9806,4
DA:9807,0
DA:9808,0
DA:9809,0
DA:9810,0
DA:9811,0
DA:9812,0
DA:9814,0
DA:9815,0
DA:9817,0
DA:9823,58
DA:9829,58
DA:9830,0
DA:9831,0
DA:9833,58
DA:9834,58
DA:9835,99
DA:9838,0
DA:9843,58
DA:9845,58
DA:9846,0
DA:9851,0
DA:9860,10
DA:9861,10
DA:9862,10
DA:9863,10
DA:9864,10
DA:9865,10
DA:9866,78
DA:9867,78
DA:9868,78
DA:9869,0
DA:9870,0
DA:9871,0
DA:9872,0
DA:9873,0
DA:9874,0
DA:9876,0
DA:9877,0
DA:9878,0
DA:9880,0
DA:9883,0
DA:9884,78
DA:9885,0
DA:9886,78
DA:9887,10
DA:9888,10
DA:9893,33
DA:9895,10
DA:9897,68
DA:9899,68
DA:9901,0
DA:9909,2
DA:9910,40
DA:9911,40
DA:9912,40
DA:9915,2
DA:9917,2
DA:9921,40
DA:9924,40
DA:9926,40
DA:9928,40
DA:9931,0
DA:9933,0
DA:9937,0
DA:9941,40
DA:9943,40
DA:9944,0
DA:9947,40
DA:9948,40
DA:9950,40
DA:9954,64
DA:9955,64
DA:9956,0
DA:9957,0
DA:9958,64
DA:9959,0
DA:9960,64
DA:9961,8
DA:9963,56
DA:9964,56
DA:9965,56
DA:9966,0
DA:9968,56
DA:9969,10
DA:9970,10
DA:9974,64
DA:9975,64
DA:9976,12
DA:9977,12
DA:9978,12
DA:9979,0
DA:9980,0
DA:9981,0
DA:9982,0
DA:9983,0
DA:9984,0
DA:9986,0
DA:9989,64
DA:9993,0
DA:9999,20
DA:10000,0
DA:10001,20
DA:10005,1196
DA:10006,774
DA:10007,774
DA:10008,774
DA:10010,130
DA:10013,1066
DA:10017,1148
DA:10018,1148
DA:10019,130
DA:10020,0
DA:10022,130
DA:10023,130
DA:10025,1018
DA:10029,30
DA:10030,0
DA:10035,0
DA:10036,0
DA:10043,0
DA:10044,0
DA:10051,8
DA:10052,33
DA:10059,40
DA:10060,40
DA:10061,40
DA:10062,38
DA:10063,40
DA:10066,40
DA:10069,3
DA:10070,3
DA:10071,0
DA:10072,0
DA:10073,0
DA:10076,3
DA:10083,38
DA:10084,38
DA:10085,38
DA:10086,40
DA:10087,2
DA:10089,38
DA:10095,2
DA:10096,2
DA:10097,2
DA:10098,2
DA:10099,4
DA:10100,2
DA:10102,2
DA:10103,6
DA:10104,6
DA:10105,6
DA:10107,6
DA:10109,2
DA:10110,6
DA:10117,58
DA:10121,58
DA:10122,58
DA:10123,58
DA:10124,58
DA:10125,0
DA:10126,0
DA:10129,0
DA:10130,0
DA:10131,0
DA:10134,58
DA:10138,58
DA:10139,58
DA:10140,58
DA:10141,58
DA:10142,0
DA:10143,0
DA:10144,0
DA:10146,0
DA:10149,58
DA:10154,58
DA:10155,58
DA:10156,58
DA:10157,58
DA:10158,0
DA:10160,58
DA:10166,58
DA:10167,58
DA:10168,58
DA:10169,0
DA:10171,58
DA:10175,64
DA:10176,64
DA:10177,64
DA:10178,6
DA:10180,64
DA:10184,64
DA:10185,64
DA:10186,64
DA:10187,0
DA:10189,64
DA:10193,64
DA:10194,64
DA:10195,64
DA:10196,0
DA:10198,64
DA:10202,64
DA:10203,64
DA:10204,64
DA:10205,0
DA:10207,64
DA:10211,64
DA:10212,64
DA:10213,0
DA:10214,64
DA:10215,0
DA:10216,64
DA:10217,0
DA:10219,64
DA:10224,0
DA:10225,0
DA:10226,0
DA:10228,0
DA:10229,0
DA:10232,0
DA:10238,0
DA:10240,0
DA:10241,0
DA:10243,0
DA:10244,0
DA:10248,0
DA:10249,0
DA:10250,0
DA:10251,0
DA:10252,0
DA:10253,0
DA:10254,0
DA:10256,0
DA:10258,0
DA:10261,0
DA:10263,0
DA:10264,0
DA:10270,12
DA:10271,12
DA:10272,8
DA:10273,8
DA:10276,12
DA:10278,12
DA:10280,12
DA:10281,0
DA:10282,0
DA:10284,0
DA:10285,0
DA:10287,0
DA:10289,0
DA:10290,0
DA:10293,0
DA:10297,0
DA:10303,0
DA:10304,0
DA:10305,0
DA:10306,0
DA:10307,0
DA:10309,0
DA:10311,0
DA:10312,0
DA:10313,0
DA:10314,0
DA:10318,0
DA:10320,0
DA:10321,0
DA:10322,0
DA:10323,0
DA:10325,0
DA:10333,8
DA:10334,8
DA:10335,8
DA:10336,8
DA:10337,10
DA:10339,0
DA:10341,10
DA:10343,10
DA:10344,10
DA:10345,10
DA:10346,10
DA:10347,6
DA:10351,8
DA:10353,8
DA:10354,30
DA:10355,30
DA:10356,33
DA:10357,33
DA:10359,30
DA:10372,2
DA:10374,0
DA:10376,0
DA:10377,0
DA:10378,0
DA:10379,0
DA:10380,0
DA:10381,0
DA:10382,0
DA:10384,0
DA:10385,0
DA:10386,0
DA:10387,0
DA:10388,0
DA:10389,0
DA:10392,0
DA:10393,0
DA:10395,0
DA:10398,0
DA:10399,0
DA:10400,0
DA:10403,2
DA:10410,2
DA:10411,0
DA:10412,0
DA:10413,0
DA:10414,0
DA:10415,0
DA:10417,0
DA:10419,0
DA:10421,0
DA:10422,0
DA:10424,0
DA:10425,0
DA:10426,0
DA:10428,0
DA:10429,0
DA:10430,0
DA:10432,0
DA:10433,0
DA:10434,0
DA:10436,0
DA:10437,0
DA:10438,0
DA:10440,0
DA:10443,0
DA:10446,0
DA:10448,0
DA:10449,0
DA:10450,0
DA:10451,0
DA:10452,0
DA:10453,0
DA:10454,0
DA:10456,0
DA:10459,0
DA:10460,0
DA:10461,0
DA:10462,0
DA:10463,0
DA:10464,0
DA:10465,0
DA:10466,0
DA:10467,0
DA:10469,0
DA:10472,0
DA:10473,0
DA:10474,0
DA:10475,0
DA:10476,0
DA:10477,0
DA:10478,0
DA:10479,0
DA:10480,0
DA:10482,0
DA:10485,0
DA:10486,0
DA:10487,0
DA:10488,0
DA:10489,0
DA:10490,0
DA:10491,0
DA:10492,0
DA:10493,0
DA:10495,0
DA:10498,0
DA:10499,0
DA:10500,0
DA:10501,0
DA:10502,0
DA:10503,0
DA:10504,0
DA:10505,0
DA:10506,0
DA:10508,0
DA:10510,0
DA:10514,2
DA:10515,38
DA:10517,38
DA:10518,87
DA:10519,87
DA:10523,2
DA:10524,4
DA:10525,4
DA:10527,4
DA:10528,12
DA:10529,12
DA:10530,12
DA:10534,2
DA:10538,58
DA:10539,16
DA:10542,42
DA:10548,42
DA:10549,38
DA:10550,4
DA:10551,4
DA:10552,0
DA:10553,0
DA:10554,0
DA:10557,0
DA:10558,0
DA:10559,0
DA:10560,0
DA:10563,0
DA:10564,0
DA:10566,0
DA:10570,0
DA:10571,0
DA:10572,0
DA:10573,0
DA:10591,0
DA:10594,0
DA:10596,0
DA:10597,0
DA:10598,0
DA:10604,42
DA:10605,42
DA:10607,42
DA:10662,2
DA:10663,2
DA:10665,2
DA:10716,2
DA:10717,0
DA:10718,0
DA:10719,0
DA:10721,0
DA:10743,2
DA:10744,0
DA:10745,0
DA:10746,0
DA:10748,0
DA:10753,2
DA:10754,2
DA:10756,2
DA:10757,0
DA:10758,0
DA:10759,0
DA:10763,2
DA:10764,217
DA:10766,217
DA:10769,87
DA:10770,47
DA:10773,40
DA:10774,40
DA:10775,40
DA:10777,40
DA:10780,40
DA:10783,40
DA:10786,130
DA:10789,0
DA:10963,2
DA:10965,2
DA:10966,2
DA:10967,81
DA:10981,2
DA:10993,2
DA:10994,109
DA:10997,109
DA:11000,109
DA:11001,109
DA:11002,109
DA:11003,109
DA:11005,109
DA:11006,27
DA:11007,27
DA:11008,27
DA:11009,27
DA:11010,27
DA:11019,0
DA:11024,0
DA:11025,0
DA:11027,0
DA:11028,0
DA:11029,0
DA:11030,0
DA:11031,0
DA:11032,0
DA:11042,45
DA:11044,45
DA:11045,45
DA:11046,45
DA:11048,0
DA:11049,0
DA:11053,45
DA:11054,0
DA:11055,0
DA:11057,0
DA:11058,0
DA:11062,45
DA:11063,0
DA:11064,0
DA:11066,0
DA:11070,45
DA:11071,27
DA:11073,18
DA:11076,45
DA:11080,0
DA:11085,2
DA:11086,0
DA:11087,0
DA:11088,0
DA:11090,0
DA:11092,0
DA:11095,2
DA:11096,0
DA:11097,0
DA:11098,0
DA:11100,0
DA:11102,0
DA:11103,0
DA:11104,0
DA:11106,0
DA:11109,0
DA:11113,0
DA:11114,0
DA:11116,0
DA:11122,109
DA:11126,2
DA:11127,130
DA:11128,109
DA:11130,45
DA:11131,45
DA:11132,45
DA:11134,45
DA:11176,2
DA:11177,0
DA:11178,0
DA:11179,0
[...]
BRDA:14150,1162,0,0
BRDA:14150,1162,1,0
BRDA:14153,1163,0,0
BRDA:14153,1163,1,0
BRDA:14153,1163,2,0
BRDA:14153,1163,3,0
BRDA:14153,1163,4,0
BRDA:14153,1163,5,0
BRDA:14159,1164,0,0
BRDA:14159,1164,1,0
BRDA:14164,1165,0,0
BRDA:14164,1165,1,0
BRDA:14164,1166,0,0
BRDA:14164,1166,1,0
BRDA:14173,1167,0,0
BRDA:14173,1167,1,0
BRDA:14182,1168,0,0
BRDA:14182,1168,1,0
BRDA:14182,1168,2,0
BRDA:14182,1168,3,12
BRDA:14182,1168,4,0
BRDA:14182,1168,5,0
BRDA:14193,1169,0,0
BRDA:14193,1169,1,6
BRDA:14195,1170,0,0
BRDA:14195,1170,1,0
BRDA:14195,1171,0,0
BRDA:14195,1171,1,0
BRDA:14209,1172,0,0
BRDA:14209,1172,1,0
BRDA:14268,1173,0,0
BRDA:14268,1173,1,0
BRDA:14335,1174,0,0
BRDA:14335,1174,1,0
BRDA:14335,1175,0,0
BRDA:14335,1175,1,0
BRDA:14335,1175,2,0
BRDA:14344,1176,0,0
BRDA:14344,1176,1,0
BRDA:14346,1177,0,0
BRDA:14346,1177,1,0
BRDA:14346,1178,0,0
BRDA:14346,1178,1,0
BRDA:14346,1178,2,0
BRDA:14354,1179,0,0
BRDA:14354,1179,1,0
BRDA:14355,1180,0,0
BRDA:14355,1180,1,0
BRDA:14358,1181,0,0
BRDA:14358,1181,1,0
BRDA:14366,1182,0,0
BRDA:14366,1182,1,0
BRDA:14372,1183,0,0
BRDA:14372,1183,1,0
BRDA:14375,1184,0,0
BRDA:14375,1184,1,0
BRDA:14375,1185,0,0
BRDA:14375,1185,1,0
BRDA:14383,1186,0,0
BRDA:14383,1186,1,0
BRDA:14383,1187,0,0
BRDA:14383,1187,1,0
BRDA:14394,1188,0,0
BRDA:14394,1188,1,0
BRDA:14394,1189,0,0
BRDA:14394,1189,1,0
BRDA:14397,1190,0,0
BRDA:14397,1190,1,0
BRDA:14397,1191,0,0
BRDA:14397,1191,1,0
BRDA:14397,1191,2,0
BRDA:14402,1192,0,0
BRDA:14402,1192,1,0
BRDA:14404,1193,0,0
BRDA:14404,1193,1,0
BRDA:14410,1194,0,0
BRDA:14410,1194,1,0
BRDA:14416,1195,0,0
BRDA:14416,1195,1,0
BRDA:14423,1196,0,32
BRDA:14423,1196,1,24
BRDA:14426,1197,0,0
BRDA:14426,1197,1,0
BRDA:14426,1198,0,0
BRDA:14426,1198,1,0
BRDA:14428,1199,0,0
BRDA:14428,1199,1,0
BRDA:14428,1200,0,0
BRDA:14428,1200,1,0
BRDA:14436,1201,0,0
BRDA:14436,1201,1,0
BRDA:14444,1202,0,0
BRDA:14444,1202,1,0
BRDA:14446,1203,0,0
BRDA:14446,1203,1,0
BRDA:14453,1204,0,0
BRDA:14453,1204,1,0
BRDA:14575,1205,0,0
BRDA:14575,1205,1,0
BRDA:14579,1206,0,0
BRDA:14579,1206,1,0
BRDA:14580,1207,0,0
BRDA:14580,1207,1,0
BRDA:14582,1208,0,0
BRDA:14582,1208,1,0
BRDA:14587,1209,0,0
BRDA:14587,1209,1,0
BRDA:14588,1210,0,0
BRDA:14588,1210,1,0
BRDA:14589,1211,0,0
BRDA:14589,1211,1,0
BRDA:14590,1212,0,0
BRDA:14590,1212,1,0
BRDA:14603,1213,0,0
BRDA:14603,1213,1,0
BRDA:14604,1214,0,0
BRDA:14604,1214,1,0
BRDA:14605,1215,0,0
BRDA:14605,1215,1,0
BRDA:14606,1216,0,0
BRDA:14606,1216,1,0
BRDA:14613,1217,0,0
BRDA:14613,1217,1,0
BRDA:14617,1218,0,0
BRDA:14617,1218,1,0
BRDA:14623,1219,0,0
BRDA:14623,1219,1,0
BRDA:14634,1220,0,0
BRDA:14634,1220,1,0
BRDA:14770,1221,0,0
BRDA:14770,1221,1,0
BRDA:14770,1222,0,0
BRDA:14770,1222,1,0
BRDA:14774,1223,0,0
BRDA:14774,1223,1,0
BRDA:14776,1224,0,0
BRDA:14776,1224,1,0
BRDA:14777,1225,0,0
BRDA:14777,1225,1,0
BRDA:14787,1226,0,0
BRDA:14787,1226,1,0
BRDA:14789,1227,0,0
BRDA:14789,1227,1,0
BRDA:14792,1228,0,0
BRDA:14792,1228,1,0
BRDA:14871,1229,0,0
BRDA:14871,1229,1,0
BRDA:14872,1230,0,0
BRDA:14872,1230,1,0
BRDA:14873,1231,0,0
BRDA:14873,1231,1,0
BRDA:14875,1232,0,0
BRDA:14875,1232,1,0
BRDA:14876,1233,0,0
BRDA:14876,1233,1,0
BRDA:14877,1234,0,0
BRDA:14877,1234,1,0
BRDA:14877,1235,0,0
BRDA:14877,1235,1,0
BRDA:14894,1236,0,0
BRDA:14894,1236,1,0
BRDA:14899,1237,0,0
BRDA:14899,1237,1,0
BRDA:14906,1238,0,0
BRDA:14906,1238,1,0
BRDA:14907,1239,0,0
BRDA:14907,1239,1,0
BRDA:14911,1240,0,0
BRDA:14911,1240,1,0
BRDA:14912,1241,0,0
BRDA:14912,1241,1,0
BRDA:14914,1242,0,0
BRDA:14914,1242,1,0
BRDA:14921,1243,0,4
BRDA:14921,1243,1,12
BRDA:14926,1244,0,16
BRDA:14926,1244,1,16
BRDA:14947,1245,0,0
BRDA:14947,1245,1,24
BRDA:14951,1246,0,0
BRDA:14951,1246,1,0
BRDA:14951,1247,0,0
BRDA:14951,1247,1,0
BRDA:14962,1248,0,0
BRDA:14962,1248,1,24
BRDA:14962,1249,0,24
BRDA:14962,1249,1,0
BRDA:14962,1249,2,0
BRDA:14965,1250,0,0
BRDA:14965,1250,1,0
BRDA:14969,1251,0,0
BRDA:14969,1251,1,0
BRDA:15324,1252,0,2
BRDA:15324,1252,1,12
BRDA:15350,1253,0,0
BRDA:15350,1253,1,0
BRDA:15350,1254,0,0
BRDA:15350,1254,1,0
BRDA:15358,1255,0,0
BRDA:15358,1255,1,0
BRDA:15367,1256,0,0
BRDA:15367,1256,1,0
BRDA:15367,1257,0,0
BRDA:15367,1257,1,0
BRDA:15423,1258,0,3
BRDA:15423,1258,1,3
BRDA:15429,1259,0,3
BRDA:15429,1259,1,3
BRDA:15443,1260,0,0
BRDA:15443,1260,1,3
BRDA:15444,1261,0,3
BRDA:15444,1261,1,0
BRDA:15445,1262,0,3
BRDA:15445,1262,1,0
BRDA:15463,1263,0,0
BRDA:15463,1263,1,3
BRDA:15478,1264,0,0
BRDA:15478,1264,1,1
BRDA:15478,1265,0,1
BRDA:15478,1265,1,0
BRDA:15500,1266,0,0
BRDA:15500,1266,1,0
BRDA:15501,1267,0,0
BRDA:15501,1267,1,0
BRDA:15503,1268,0,0
BRDA:15503,1268,1,0
BRDA:15505,1269,0,0
BRDA:15505,1269,1,0
BRDA:15517,1270,0,0
BRDA:15517,1270,1,0
BRDA:15520,1271,0,0
BRDA:15520,1271,1,0
BRDA:15521,1272,0,0
BRDA:15521,1272,1,0
BRDA:15741,1273,0,0
BRDA:15741,1273,1,2
BRDA:15746,1274,0,3
BRDA:15746,1274,1,0
BRDA:15754,1275,0,0
BRDA:15754,1275,1,0
BRDA:15771,1276,0,3
BRDA:15771,1276,1,3
BRDA:15773,1277,0,0
BRDA:15773,1277,1,3
BRDA:15776,1278,0,0
BRDA:15776,1278,1,3
BRDA:15779,1279,0,0
BRDA:15779,1279,1,0
BRDA:16229,1280,0,0
BRDA:16229,1280,1,0
BRDA:16235,1281,0,0
BRDA:16235,1281,1,0
BRDA:16239,1282,0,0
BRDA:16239,1282,1,0
BRDA:16239,1283,0,0
BRDA:16239,1283,1,0
BRDA:16239,1283,2,0
BRDA:16239,1283,3,0
BRDA:16239,1283,4,0
BRDA:16256,1284,0,3
BRDA:16256,1284,1,0
BRDA:16270,1285,0,0
BRDA:16270,1285,1,0
BRDA:16276,1286,0,0
BRDA:16276,1286,1,0
BRDA:16276,1287,0,0
BRDA:16276,1287,1,0
BRDA:16280,1288,0,0
BRDA:16280,1288,1,0
BRDA:16280,1289,0,0
BRDA:16280,1289,1,0
BRDA:16280,1289,2,0
BRDA:16280,1289,3,0
BRDA:16285,1290,0,0
BRDA:16285,1290,1,0
BRDA:16297,1291,0,3
BRDA:16297,1291,1,0
BRDA:16303,1292,0,0
BRDA:16303,1292,1,0
BRDA:16316,1293,0,0
BRDA:16316,1293,1,0
BRDA:16316,1294,0,0
BRDA:16316,1294,1,0
BRDA:16316,1294,2,0
BRDA:16316,1294,3,0
BRDA:16316,1294,4,0
BRDA:16322,1295,0,0
BRDA:16322,1295,1,0
BRDA:16332,1296,0,3
BRDA:16332,1296,1,0
BRDA:16340,1297,0,0
BRDA:16340,1297,1,3
BRDA:16342,1298,0,0
BRDA:16342,1298,1,0
BRDA:16345,1299,0,0
BRDA:16345,1299,1,0
BRDA:16354,1300,0,0
BRDA:16354,1300,1,0
BRDA:16354,1301,0,0
BRDA:16354,1301,1,0
BRDA:16368,1302,0,0
BRDA:16368,1302,1,3
BRDA:16371,1303,0,0
BRDA:16371,1303,1,0
BRDA:16379,1304,0,0
BRDA:16379,1304,1,3
BRDA:16382,1305,0,0
BRDA:16382,1305,1,0
BRDA:16395,1306,0,0
BRDA:16395,1306,1,0
BRDA:16395,1307,0,0
BRDA:16395,1307,1,0
BRDA:16397,1308,0,0
BRDA:16397,1308,1,0
BRDA:16397,1309,0,0
BRDA:16397,1309,1,0
BRDA:16407,1310,0,0
BRDA:16407,1310,1,0
BRDA:16410,1311,0,0
BRDA:16410,1311,1,0
BRDA:16413,1312,0,0
BRDA:16413,1312,1,0
BRDA:16420,1313,0,0
BRDA:16420,1313,1,0
BRDA:16423,1314,0,0
BRDA:16423,1314,1,0
BRDA:16431,1315,0,0
BRDA:16431,1315,1,0
BRDA:16439,1316,0,0
BRDA:16439,1316,1,0
BRDA:16450,1317,0,0
BRDA:16450,1317,1,0
BRDA:16459,1318,0,0
BRDA:16459,1318,1,0
BRDA:16464,1319,0,0
BRDA:16464,1319,1,0
BRDA:16483,1320,0,3
BRDA:16483,1320,1,0
BRDA:16484,1321,0,3
BRDA:16484,1321,1,0
BRDA:16506,1322,0,0
BRDA:16506,1322,1,0
BRDA:16654,1323,0,6
BRDA:16654,1323,1,0
BRDA:16655,1324,0,6
BRDA:16655,1324,1,3
BRDA:16817,1325,0,0
BRDA:16817,1325,1,6
BRDA:16850,1326,0,3
BRDA:16850,1326,1,3
BRDA:16850,1326,2,0
BRDA:16850,1326,3,0
BRDA:16853,1327,0,6
BRDA:16853,1327,1,3
BRDA:16864,1328,0,0
BRDA:16864,1328,1,6
BRDA:16865,1329,0,6
BRDA:16865,1329,1,0
BRDA:16866,1330,0,6
BRDA:16866,1330,1,0
BRDA:16889,1331,0,0
BRDA:16889,1331,1,0
BRDA:16892,1332,0,0
BRDA:16892,1332,1,0
BRDA:16893,1333,0,0
BRDA:16893,1333,1,0
BRDA:16894,1334,0,0
BRDA:16894,1334,1,0
BRDA:16954,1335,0,0
BRDA:16954,1335,1,0
BRDA:16966,1336,0,0
BRDA:16966,1336,1,0
BRDA:16986,1337,0,6
BRDA:16986,1337,1,6
BRDA:16996,1338,0,6
BRDA:16996,1338,1,0
BRDA:17117,1339,0,6
BRDA:17117,1339,1,3
BRDA:17201,1340,0,0
BRDA:17201,1340,1,0
BRDA:17205,1341,0,0
BRDA:17205,1341,1,0
BRDA:17205,1342,0,0
BRDA:17205,1342,1,0
BRDA:17284,1343,0,0
BRDA:17284,1343,1,0
BRDA:17284,1343,2,0
BRDA:17284,1343,3,0
BRDA:17288,1344,0,0
BRDA:17288,1344,1,0
BRDA:17292,1345,0,0
BRDA:17292,1345,1,0
BRDA:17294,1346,0,0
BRDA:17294,1346,1,0
BRDA:17303,1347,0,0
BRDA:17303,1347,1,0
BRDA:17312,1348,0,0
BRDA:17312,1348,1,0
BRDA:17375,1349,0,0
BRDA:17375,1349,1,0
BRDA:17446,1350,0,0
BRDA:17446,1350,1,0
BRDA:17564,1351,0,0
BRDA:17564,1351,1,0
BRDA:17567,1352,0,0
BRDA:17567,1352,1,0
BRDA:17587,1353,0,0
BRDA:17587,1353,1,9
BRDA:17591,1354,0,0
BRDA:17591,1354,1,0
BRDA:17593,1355,0,0
BRDA:17593,1355,1,0
BRDA:17602,1356,0,18
BRDA:17602,1356,1,0
BRDA:17602,1357,0,18
BRDA:17602,1357,1,0
BRDA:17603,1358,0,18
BRDA:17603,1358,1,0
BRDA:17604,1359,0,9
BRDA:17604,1359,1,9
BRDA:17606,1360,0,0
BRDA:17606,1360,1,9
BRDA:17615,1361,0,0
BRDA:17615,1361,1,18
BRDA:17617,1362,0,18
BRDA:17617,1362,1,0
BRDA:17620,1363,0,6
BRDA:17620,1363,1,12
BRDA:18707,1364,0,0
BRDA:18707,1364,1,0
BRDA:18708,1365,0,0
BRDA:18708,1365,1,0
BRDA:18722,1366,0,0
BRDA:18722,1366,1,0
BRDA:18726,1367,0,0
BRDA:18726,1367,1,0
BRDA:18730,1368,0,0
BRDA:18730,1368,1,0
BRDA:18913,1369,0,0
BRDA:18913,1369,1,0
BRDA:18914,1370,0,0
BRDA:18914,1370,1,0
BRDA:18924,1371,0,0
BRDA:18924,1371,1,0
BRDA:18928,1372,0,0
BRDA:18928,1372,1,0
BRDA:18932,1373,0,0
BRDA:18932,1373,1,0
BRDA:18943,1374,0,0
BRDA:18943,1374,1,0
BRDA:18943,1375,0,0
BRDA:18943,1375,1,0
BRDA:18943,1375,2,0
BRDA:18949,1376,0,0
BRDA:18949,1376,1,0
BRDA:18951,1377,0,0
BRDA:18951,1377,1,0
BRDA:18972,1378,0,0
BRDA:18972,1378,1,0
BRDA:19280,1379,0,3
BRDA:19280,1379,1,3
BRDA:19281,1380,0,3
BRDA:19281,1380,1,3
BRDA:19282,1381,0,3
BRDA:19282,1381,1,0
BRDA:19289,1382,0,0
BRDA:19289,1382,1,12
BRDA:19303,1383,0,6
BRDA:19303,1383,1,0
BRDA:19306,1384,0,6
BRDA:19306,1384,1,0
BRDA:19529,1385,0,0
BRDA:19529,1385,1,3
BRDA:19538,1386,0,3
BRDA:19538,1386,1,0
BRDA:19542,1387,0,0
BRDA:19542,1387,1,0
BRDA:19557,1388,0,0
BRDA:19557,1388,1,3
BRDA:19561,1389,0,3
BRDA:19561,1389,1,3
BRDA:19590,1390,0,3
BRDA:19590,1390,1,0
BRDA:19592,1391,0,3
BRDA:19592,1391,1,0
BRDA:19594,1392,0,0
BRDA:19594,1392,1,0
BRDA:19598,1393,0,0
BRDA:19598,1393,1,0
BRDA:19598,1394,0,0
BRDA:19598,1394,1,0
BRDA:19610,1395,0,0
BRDA:19610,1395,1,0
BRDA:19614,1396,0,0
BRDA:19614,1396,1,0
BRDA:19619,1397,0,0
BRDA:19619,1397,1,0
BRDA:19622,1398,0,0
BRDA:19622,1398,1,0
BRDA:19622,1399,0,0
BRDA:19622,1399,1,0
BRDA:19637,1400,0,0
BRDA:19637,1400,1,0
BRDA:19648,1401,0,0
BRDA:19648,1401,1,0
BRDA:19651,1402,0,0
BRDA:19651,1402,1,0
BRDA:19653,1403,0,0
BRDA:19653,1403,1,0
BRDA:19661,1404,0,0
BRDA:19661,1404,1,0
BRDA:19663,1405,0,0
BRDA:19663,1405,1,0
BRDA:19674,1406,0,0
BRDA:19674,1406,1,0
BRDA:19678,1407,0,0
BRDA:19678,1407,1,0
BRDA:19683,1408,0,0
BRDA:19683,1408,1,0
BRDA:19865,1409,0,0
BRDA:19865,1409,1,9
BRDA:20025,1410,0,0
BRDA:20025,1410,1,0
BRDA:20072,1411,0,0
BRDA:20072,1411,1,0
BRDA:20072,1412,0,0
BRDA:20072,1412,1,0
BRDA:20075,1413,0,0
BRDA:20075,1413,1,0
BRDA:20214,1414,0,0
BRDA:20214,1414,1,0
BRDA:20222,1415,0,0
BRDA:20222,1415,1,0
BRDA:20223,1416,0,0
BRDA:20223,1416,1,0
BRDA:20237,1417,0,0
BRDA:20237,1417,1,0
BRDA:20247,1418,0,0
BRDA:20247,1418,1,0
BRDA:20247,1419,0,0
BRDA:20247,1419,1,0
BRDA:20270,1420,0,0
BRDA:20270,1420,1,0
BRDA:20280,1421,0,0
BRDA:20280,1421,1,0
BRDA:20342,1422,0,0
BRDA:20342,1422,1,0
BRDA:20395,1423,0,2
BRDA:20395,1423,1,16
BRDA:20573,1424,0,0
BRDA:20573,1424,1,0
BRDA:20575,1425,0,0
BRDA:20575,1425,1,0
BRDA:20581,1426,0,0
BRDA:20581,1426,1,0
BRDA:20583,1427,0,0
BRDA:20583,1427,1,0
BRDA:20611,1428,0,0
BRDA:20611,1428,1,0
BRDA:20627,1429,0,0
BRDA:20627,1429,1,0
BRDA:20636,1430,0,0
BRDA:20636,1430,1,0
BRDA:20638,1431,0,0
BRDA:20638,1431,1,0
BRDA:20642,1432,0,0
BRDA:20642,1432,1,0
BRDA:20643,1433,0,0
BRDA:20643,1433,1,0
BRDA:20655,1434,0,0
BRDA:20655,1434,1,0
BRDA:20656,1435,0,0
BRDA:20656,1435,1,0
BRDA:20658,1436,0,0
BRDA:20658,1436,1,0
BRDA:20660,1437,0,0
BRDA:20660,1437,1,0
BRDA:20660,1438,0,0
BRDA:20660,1438,1,0
BRDA:20670,1439,0,0
BRDA:20670,1439,1,0
BRDA:20688,1440,0,0
BRDA:20688,1440,1,0
BRDA:20698,1441,0,0
BRDA:20698,1441,1,0
BRDA:20710,1442,0,0
BRDA:20710,1442,1,0
BRDA:20718,1443,0,0
BRDA:20718,1443,1,0
BRDA:20719,1444,0,0
BRDA:20719,1444,1,0
BRDA:20721,1445,0,0
BRDA:20721,1445,1,0
BRDA:20722,1446,0,0
BRDA:20722,1446,1,0
BRDA:20725,1447,0,0
BRDA:20725,1447,1,0
BRDA:20732,1448,0,0
BRDA:20732,1448,1,0
BRDA:20751,1449,0,0
BRDA:20751,1449,1,0
BRDA:20755,1450,0,0
BRDA:20755,1450,1,0
BRDA:20764,1451,0,0
BRDA:20764,1451,1,0
BRDA:20766,1452,0,0
BRDA:20766,1452,1,0
BRDA:20767,1453,0,0
BRDA:20767,1453,1,0
BRDA:20770,1454,0,0
BRDA:20770,1454,1,0
BRDA:20781,1455,0,0
BRDA:20781,1455,1,0
BRDA:20783,1456,0,0
BRDA:20783,1456,1,0
BRDA:20786,1457,0,0
BRDA:20786,1457,1,0
BRDA:20789,1458,0,0
BRDA:20789,1458,1,0
BRDA:20796,1459,0,0
BRDA:20796,1459,1,0
BRDA:20819,1460,0,0
BRDA:20819,1460,1,0
BRDA:20820,1461,0,0
BRDA:20820,1461,1,0
BRDA:20831,1462,0,0
BRDA:20831,1462,1,0
BRDA:20832,1463,0,0
BRDA:20832,1463,1,0
BRDA:20832,1464,0,0
BRDA:20832,1464,1,0
BRDA:20847,1465,0,0
BRDA:20847,1465,1,0
BRDA:20849,1466,0,0
BRDA:20849,1466,1,0
BRDA:20855,1467,0,0
BRDA:20855,1467,1,0
BRDA:20856,1468,0,0
BRDA:20856,1468,1,0
BRDA:20860,1469,0,0
BRDA:20860,1469,1,0
BRDA:20862,1470,0,0
BRDA:20862,1470,1,0
BRDA:20865,1471,0,0
BRDA:20865,1471,1,0
BRDA:20872,1472,0,0
BRDA:20872,1472,1,0
BRDA:20877,1473,0,0
BRDA:20877,1473,1,0
BRDA:20880,1474,0,0
BRDA:20880,1474,1,0
BRDA:20880,1475,0,0
BRDA:20880,1475,1,0
BRDA:20885,1476,0,0
BRDA:20885,1476,1,0
BRDA:20886,1477,0,0
BRDA:20886,1477,1,0
BRDA:20886,1478,0,0
BRDA:20886,1478,1,0
BRDA:20889,1479,0,0
BRDA:20889,1479,1,0
BRDA:20905,1480,0,0
BRDA:20905,1480,1,0
BRDA:20919,1481,0,0
BRDA:20919,1481,1,0
BRDA:20927,1482,0,0
BRDA:20927,1482,1,0
BRDA:20930,1483,0,0
BRDA:20930,1483,1,0
BRDA:20933,1484,0,0
BRDA:20933,1484,1,0
BRDA:20937,1485,0,0
BRDA:20937,1485,1,0
BRDA:20944,1486,0,0
BRDA:20944,1486,1,0
BRDA:20944,1487,0,0
BRDA:20944,1487,1,0
BRDA:20963,1488,0,0
BRDA:20963,1488,1,0
BRDA:20997,1489,0,0
BRDA:20997,1489,1,0
BRDA:20999,1490,0,0
BRDA:20999,1490,1,0
BRDA:21007,1491,0,0
BRDA:21007,1491,1,0
BRDA:21010,1492,0,0
BRDA:21010,1492,1,0
BRDA:21010,1493,0,0
BRDA:21010,1493,1,0
BRDA:21018,1494,0,0
BRDA:21018,1494,1,0
BRDA:21021,1495,0,0
BRDA:21021,1495,1,0
BRDA:21053,1496,0,2
BRDA:21053,1496,1,2
BRF:3127
BRH:1122
end_of_record
TN:
SF:resources/app/angularjs/js/directives/todoEscape.js
FN:8,(anonymous_1)
FN:13,(anonymous_2)
FN:14,(anonymous_3)
FNF:3
FNH:1
FNDA:2,(anonymous_1)
FNDA:0,(anonymous_2)
FNDA:0,(anonymous_3)
DA:7,2
DA:11,2
DA:13,2
DA:14,0
DA:15,0
DA:16,0
LF:6
LH:3
BRDA:15,1,0,0
BRDA:15,1,1,0
BRF:2
BRH:0
end_of_record
TN:
SF:resources/app/angularjs/js/controllers/todoCtrl.js
FN:9,TodoCtrl
FN:17,(anonymous_2)
FN:27,(anonymous_3)
FN:35,(anonymous_4)
FN:49,(anonymous_5)
FN:55,(anonymous_6)
FN:64,(anonymous_7)
FN:69,(anonymous_8)
FN:73,(anonymous_9)
FN:74,(anonymous_10)
FN:79,(anonymous_11)
FN:80,(anonymous_12)
FNF:12
FNH:3
FNDA:6,TodoCtrl
FNDA:6,(anonymous_2)
FNDA:6,(anonymous_3)
FNDA:0,(anonymous_4)
FNDA:0,(anonymous_5)
FNDA:0,(anonymous_6)
FNDA:0,(anonymous_7)
FNDA:0,(anonymous_8)
FNDA:0,(anonymous_9)
FNDA:0,(anonymous_10)
FNDA:0,(anonymous_11)
FNDA:0,(anonymous_12)
DA:8,2
DA:12,6
DA:14,6
DA:15,6
DA:17,6
DA:18,6
DA:19,6
DA:20,6
DA:21,6
DA:22,0
DA:27,6
DA:28,6
DA:30,6
DA:35,6
DA:36,0
DA:37,0
DA:38,0
DA:41,0
DA:46,0
DA:49,6
DA:50,0
DA:52,0
DA:55,6
DA:56,0
DA:57,0
DA:59,0
DA:60,0
DA:64,6
DA:65,0
DA:66,0
DA:69,6
DA:70,0
DA:73,6
DA:74,0
DA:75,0
DA:79,6
DA:80,0
DA:81,0
LF:38
LH:19
BRDA:21,1,0,0
BRDA:21,1,1,6
BRDA:28,2,0,6
BRDA:28,2,1,6
BRDA:30,3,0,0
BRDA:30,3,1,6
BRDA:31,4,0,0
BRDA:31,4,1,6
BRDA:37,5,0,0
BRDA:37,5,1,0
BRDA:59,6,0,0
BRDA:59,6,1,0
BRF:12
BRH:5
end_of_record
TN:
SF:resources/app/angularjs/bower_components/angular-route/angular-route.js
FN:6,(anonymous_1)
FN:42,$RouteProvider
FN:43,inherit
FN:44,(anonymous_4)
FN:148,(anonymous_5)
FN:181,pathRegExp
FN:191,(anonymous_7)
FN:222,(anonymous_8)
FN:236,(anonymous_9)
FN:437,(anonymous_10)
FN:460,switchRouteMatcher
FN:483,updateRoute
FN:510,(anonymous_13)
FN:515,(anonymous_14)
FN:532,(anonymous_15)
FN:542,(anonymous_16)
FN:550,(anonymous_17)
FN:562,parseRoute
FN:565,(anonymous_19)
FN:580,interpolate
FN:582,(anonymous_21)
FN:634,$RouteParamsProvider
FN:635,(anonymous_23)
FN:818,ngViewFactory
FN:824,(anonymous_25)
FN:834,cleanupLastView
FN:844,(anonymous_27)
FN:852,update
FN:866,(anonymous_29)
FN:867,onNgViewEnter
FN:894,ngViewFillContentFactory
FN:898,(anonymous_32)
FNF:32
FNH:29
FNDA:2,(anonymous_1)
FNDA:2,$RouteProvider
FNDA:6,inherit
FNDA:6,(anonymous_4)
FNDA:6,(anonymous_5)
FNDA:8,pathRegExp
FNDA:4,(anonymous_7)
FNDA:2,(anonymous_8)
FNDA:2,(anonymous_9)
FNDA:0,(anonymous_10)
FNDA:9,switchRouteMatcher
FNDA:6,updateRoute
FNDA:6,(anonymous_13)
FNDA:0,(anonymous_14)
FNDA:3,(anonymous_15)
FNDA:6,(anonymous_16)
FNDA:0,(anonymous_17)
FNDA:6,parseRoute
FNDA:30,(anonymous_19)
FNDA:3,interpolate
FNDA:3,(anonymous_21)
FNDA:2,$RouteParamsProvider
FNDA:2,(anonymous_23)
FNDA:2,ngViewFactory
FNDA:2,(anonymous_25)
FNDA:8,cleanupLastView
FNDA:1,(anonymous_27)
FNDA:8,update
FNDA:3,(anonymous_29)
FNDA:3,onNgViewEnter
FNDA:2,ngViewFillContentFactory
FNDA:3,(anonymous_32)
DA:6,2
DA:24,2
DA:42,2
DA:43,2
DA:44,6
DA:47,2
DA:148,2
DA:149,6
DA:156,6
DA:157,4
DA:161,4
DA:167,6
DA:181,2
DA:182,8
DA:189,8
DA:192,4
DA:193,4
DA:194,4
DA:195,4
DA:196,4
DA:207,8
DA:208,8
DA:222,2
DA:223,2
DA:224,2
DA:228,2
DA:422,2
DA:438,0
DA:439,0
DA:443,2
DA:445,2
DA:460,2
DA:461,9
DA:464,9
DA:466,9
DA:467,9
DA:469,6
DA:470,0
DA:472,0
DA:476,0
DA:477,0
DA:480,6
DA:483,2
DA:484,6
DA:487,6
DA:490,0
DA:491,0
DA:492,0
DA:493,6
DA:494,6
DA:495,6
DA:496,6
DA:497,6
DA:498,6
DA:499,3
DA:500,3
DA:503,0
DA:509,6
DA:511,6
DA:512,6
DA:515,6
DA:516,0
DA:520,6
DA:521,0
DA:522,0
DA:524,6
DA:525,3
DA:526,0
DA:528,3
DA:529,3
DA:530,3
DA:531,3
DA:532,3
DA:535,6
DA:536,3
DA:538,6
DA:543,6
DA:544,6
DA:545,6
DA:546,6
DA:548,6
DA:551,0
DA:552,0
DA:562,2
DA:564,6
DA:565,6
DA:566,30
DA:567,6
DA:570,6
DA:574,6
DA:580,2
DA:581,3
DA:582,3
DA:583,3
DA:584,3
DA:586,0
DA:587,0
DA:588,0
DA:589,0
DA:590,0
DA:593,3
DA:598,2
DA:634,2
DA:635,2
DA:638,2
DA:639,2
DA:817,2
DA:818,2
DA:819,2
DA:825,2
DA:831,2
DA:832,2
DA:834,2
DA:835,8
DA:836,1
DA:837,1
DA:839,8
DA:840,1
DA:841,1
DA:843,8
DA:844,1
DA:845,1
DA:847,1
DA:848,1
DA:852,2
DA:853,8
DA:856,8
DA:857,3
DA:858,3
DA:866,3
DA:867,3
DA:868,3
DA:870,0
DA:873,3
DA:876,3
DA:877,3
DA:878,3
DA:879,3
DA:881,5
DA:893,2
DA:894,2
DA:895,2
DA:899,3
DA:902,3
DA:904,3
DA:906,3
DA:907,3
DA:908,3
DA:909,3
DA:910,0
DA:912,3
DA:913,3
DA:916,3
LF:153
LH:130
BRDA:152,1,0,6
BRDA:152,1,1,4
BRDA:156,2,0,4
BRDA:156,2,1,2
BRDA:157,3,0,2
BRDA:157,3,1,2
BRDA:192,4,0,0
BRDA:192,4,1,4
BRDA:193,5,0,0
BRDA:193,5,1,4
BRDA:195,6,0,4
BRDA:195,6,1,0
BRDA:197,7,0,0
BRDA:197,7,1,4
BRDA:199,8,0,0
BRDA:199,8,1,4
BRDA:200,9,0,4
BRDA:200,9,1,0
BRDA:200,9,2,4
BRDA:201,10,0,4
BRDA:201,10,1,4
BRDA:203,11,0,4
BRDA:203,11,1,4
BRDA:207,12,0,0
BRDA:207,12,1,8
BRDA:464,13,0,0
BRDA:464,13,1,9
BRDA:467,14,0,3
BRDA:467,14,1,6
BRDA:472,15,0,0
BRDA:472,15,1,0
BRDA:476,16,0,0
BRDA:476,16,1,0
BRDA:476,17,0,0
BRDA:476,17,1,0
BRDA:487,18,0,0
BRDA:487,18,1,6
BRDA:487,19,0,6
BRDA:487,19,1,6
BRDA:487,19,2,4
BRDA:487,19,3,0
BRDA:487,19,4,0
BRDA:487,19,5,0
BRDA:493,20,0,6
BRDA:493,20,1,0
BRDA:493,21,0,6
BRDA:493,21,1,0
BRDA:497,22,0,6
BRDA:497,22,1,0
BRDA:498,23,0,3
BRDA:498,23,1,3
BRDA:499,24,0,3
BRDA:499,24,1,0
BRDA:511,25,0,6
BRDA:511,25,1,0
BRDA:516,26,0,0
BRDA:516,26,1,0
BRDA:520,27,0,0
BRDA:520,27,1,6
BRDA:521,28,0,0
BRDA:521,28,1,0
BRDA:524,29,0,3
BRDA:524,29,1,3
BRDA:525,30,0,0
BRDA:525,30,1,3
BRDA:529,31,0,3
BRDA:529,31,1,0
BRDA:535,32,0,3
BRDA:535,32,1,3
BRDA:543,33,0,6
BRDA:543,33,1,0
BRDA:544,34,0,6
BRDA:544,34,1,0
BRDA:551,35,0,0
BRDA:551,35,1,0
BRDA:566,36,0,6
BRDA:566,36,1,24
BRDA:566,37,0,30
BRDA:566,37,1,9
BRDA:574,38,0,6
BRDA:574,38,1,0
BRDA:574,38,2,0
BRDA:582,39,0,3
BRDA:582,39,1,0
BRDA:583,40,0,3
BRDA:583,40,1,0
BRDA:589,41,0,0
BRDA:589,41,1,0
BRDA:829,42,0,2
BRDA:829,42,1,2
BRDA:835,43,0,1
BRDA:835,43,1,7
BRDA:839,44,0,1
BRDA:839,44,1,7
BRDA:843,45,0,1
BRDA:843,45,1,7
BRDA:853,46,0,8
BRDA:853,46,1,6
BRDA:854,47,0,8
BRDA:854,47,1,6
BRDA:856,48,0,3
BRDA:856,48,1,5
BRDA:867,49,0,3
BRDA:867,49,1,3
BRDA:868,50,0,0
BRDA:868,50,1,3
BRDA:868,51,0,3
BRDA:868,51,1,0
BRDA:868,51,2,0
BRDA:906,52,0,3
BRDA:906,52,1,0
BRDA:909,53,0,0
BRDA:909,53,1,3
BRF:113
BRH:68
end_of_record
